[ 2019-03-02T15:33:02+08:00 ] 125.74.189.97 /Admin/Login/Index.html
INFO: [ app_init ] --START--
INFO: Run Behavior\BuildLiteBehavior [ RunTime:0.000000s ]
INFO: [ app_init ] --END-- [ RunTime:0.000000s ]
INFO: [ app_begin ] --START--
INFO: Run Behavior\ReadHtmlCacheBehavior [ RunTime:0.000977s ]
INFO: [ app_begin ] --END-- [ RunTime:0.000977s ]
INFO: [ view_parse ] --START--
INFO: [ template_filter ] --START--
INFO: Run Behavior\ContentReplaceBehavior [ RunTime:0.000000s ]
INFO: [ template_filter ] --END-- [ RunTime:0.000000s ]
INFO: Run Behavior\ParseTemplateBehavior [ RunTime:0.011719s ]
INFO: [ view_parse ] --END-- [ RunTime:0.011719s ]
INFO: [ view_filter ] --START--
INFO: Run Behavior\WriteHtmlCacheBehavior [ RunTime:0.000977s ]
INFO: [ view_filter ] --END-- [ RunTime:0.000977s ]
INFO: [ app_end ] --START--
INFO: Run Behavior\ShowPageTraceBehavior [ RunTime:0.000976s ]
INFO: [ app_end ] --END-- [ RunTime:0.000976s ]

[ 2019-03-02T15:33:03+08:00 ] 125.74.189.97 /Admin/Login/Verify.html
INFO: [ app_init ] --START--
INFO: Run Behavior\BuildLiteBehavior [ RunTime:0.000000s ]
INFO: [ app_init ] --END-- [ RunTime:0.000000s ]
INFO: [ app_begin ] --START--
INFO: Run Behavior\ReadHtmlCacheBehavior [ RunTime:0.000976s ]
INFO: [ app_begin ] --END-- [ RunTime:0.000976s ]
INFO: [ app_end ] --START--
INFO: Run Behavior\ShowPageTraceBehavior [ RunTime:0.000000s ]
INFO: [ app_end ] --END-- [ RunTime:0.000000s ]

[ 2019-03-02T15:33:09+08:00 ] 180.163.220.66 /Admin/Login/Index.html
INFO: [ app_init ] --START--
INFO: Run Behavior\BuildLiteBehavior [ RunTime:0.000000s ]
INFO: [ app_init ] --END-- [ RunTime:0.000000s ]
INFO: [ app_begin ] --START--
INFO: Run Behavior\ReadHtmlCacheBehavior [ RunTime:0.000000s ]
INFO: [ app_begin ] --END-- [ RunTime:0.000000s ]
INFO: [ view_parse ] --START--
INFO: [ template_filter ] --START--
INFO: Run Behavior\ContentReplaceBehavior [ RunTime:0.000000s ]
INFO: [ template_filter ] --END-- [ RunTime:0.000000s ]
INFO: Run Behavior\ParseTemplateBehavior [ RunTime:0.007813s ]
INFO: [ view_parse ] --END-- [ RunTime:0.007813s ]
INFO: [ view_filter ] --START--
INFO: Run Behavior\WriteHtmlCacheBehavior [ RunTime:0.000000s ]
INFO: [ view_filter ] --END-- [ RunTime:0.000000s ]
INFO: [ app_end ] --START--
INFO: Run Behavior\ShowPageTraceBehavior [ RunTime:0.000976s ]
INFO: [ app_end ] --END-- [ RunTime:0.000976s ]

[ 2019-03-02T15:33:14+08:00 ] 180.163.220.5 /Admin/Login/Verify.html
INFO: [ app_init ] --START--
INFO: Run Behavior\BuildLiteBehavior [ RunTime:0.000000s ]
INFO: [ app_init ] --END-- [ RunTime:0.000000s ]
INFO: [ app_begin ] --START--
INFO: Run Behavior\ReadHtmlCacheBehavior [ RunTime:0.000000s ]
INFO: [ app_begin ] --END-- [ RunTime:0.000000s ]
INFO: [ app_end ] --START--
INFO: Run Behavior\ShowPageTraceBehavior [ RunTime:0.000000s ]
INFO: [ app_end ] --END-- [ RunTime:0.000000s ]

[ 2019-03-02T19:53:52+08:00 ] 220.175.54.195 /admin
INFO: [ app_init ] --START--
INFO: Run Behavior\BuildLiteBehavior [ RunTime:0.000000s ]
INFO: [ app_init ] --END-- [ RunTime:0.000977s ]
INFO: [ app_begin ] --START--
INFO: Run Behavior\ReadHtmlCacheBehavior [ RunTime:0.000977s ]
INFO: [ app_begin ] --END-- [ RunTime:0.000977s ]

[ 2019-03-02T19:53:52+08:00 ] 220.175.54.195 /Admin/Login/Index
INFO: [ app_init ] --START--
INFO: Run Behavior\BuildLiteBehavior [ RunTime:0.000000s ]
INFO: [ app_init ] --END-- [ RunTime:0.000000s ]
INFO: [ app_begin ] --START--
INFO: Run Behavior\ReadHtmlCacheBehavior [ RunTime:0.000000s ]
INFO: [ app_begin ] --END-- [ RunTime:0.000000s ]
INFO: [ view_parse ] --START--
INFO: [ template_filter ] --START--
INFO: Run Behavior\ContentReplaceBehavior [ RunTime:0.000000s ]
INFO: [ template_filter ] --END-- [ RunTime:0.000000s ]
INFO: Run Behavior\ParseTemplateBehavior [ RunTime:0.015625s ]
INFO: [ view_parse ] --END-- [ RunTime:0.015625s ]
INFO: [ view_filter ] --START--
INFO: Run Behavior\WriteHtmlCacheBehavior [ RunTime:0.000000s ]
INFO: [ view_filter ] --END-- [ RunTime:0.000000s ]
INFO: [ app_end ] --START--
INFO: Run Behavior\ShowPageTraceBehavior [ RunTime:0.000976s ]
INFO: [ app_end ] --END-- [ RunTime:0.000976s ]

[ 2019-03-02T19:53:52+08:00 ] 220.175.54.195 /Admin/Login/Verify.html
INFO: [ app_init ] --START--
INFO: Run Behavior\BuildLiteBehavior [ RunTime:0.000000s ]
INFO: [ app_init ] --END-- [ RunTime:0.000000s ]
INFO: [ app_begin ] --START--
INFO: Run Behavior\ReadHtmlCacheBehavior [ RunTime:0.000976s ]
INFO: [ app_begin ] --END-- [ RunTime:0.000976s ]
INFO: [ app_end ] --START--
INFO: Run Behavior\ShowPageTraceBehavior [ RunTime:0.000000s ]
INFO: [ app_end ] --END-- [ RunTime:0.000000s ]

[ 2019-03-02T19:53:57+08:00 ] 220.175.54.195 /Admin/Login/Index.html
INFO: [ app_init ] --START--
INFO: Run Behavior\BuildLiteBehavior [ RunTime:0.000000s ]
INFO: [ app_init ] --END-- [ RunTime:0.000976s ]
INFO: [ app_begin ] --START--
INFO: Run Behavior\ReadHtmlCacheBehavior [ RunTime:0.000977s ]
INFO: [ app_begin ] --END-- [ RunTime:0.000977s ]
SQL: PRAGMA table_info( db_admin ) [ RunTime:0.0010s ]
NOTIC: [8] Undefined index: null D:\1\v1073125\wwwroot\ThinkPHP\Library\Think\Db\Driver\Sqlite.class.php 第 45 行.
NOTIC: [8] Undefined index: default D:\1\v1073125\wwwroot\ThinkPHP\Library\Think\Db\Driver\Sqlite.class.php 第 46 行.
NOTIC: [8] Undefined index: dey D:\1\v1073125\wwwroot\ThinkPHP\Library\Think\Db\Driver\Sqlite.class.php 第 47 行.
NOTIC: [8] Undefined index: extra D:\1\v1073125\wwwroot\ThinkPHP\Library\Think\Db\Driver\Sqlite.class.php 第 48 行.
NOTIC: [8] Undefined index: null D:\1\v1073125\wwwroot\ThinkPHP\Library\Think\Db\Driver\Sqlite.class.php 第 45 行.
NOTIC: [8] Undefined index: default D:\1\v1073125\wwwroot\ThinkPHP\Library\Think\Db\Driver\Sqlite.class.php 第 46 行.
NOTIC: [8] Undefined index: dey D:\1\v1073125\wwwroot\ThinkPHP\Library\Think\Db\Driver\Sqlite.class.php 第 47 行.
NOTIC: [8] Undefined index: extra D:\1\v1073125\wwwroot\ThinkPHP\Library\Think\Db\Driver\Sqlite.class.php 第 48 行.
NOTIC: [8] Undefined index: null D:\1\v1073125\wwwroot\ThinkPHP\Library\Think\Db\Driver\Sqlite.class.php 第 45 行.
NOTIC: [8] Undefined index: default D:\1\v1073125\wwwroot\ThinkPHP\Library\Think\Db\Driver\Sqlite.class.php 第 46 行.
NOTIC: [8] Undefined index: dey D:\1\v1073125\wwwroot\ThinkPHP\Library\Think\Db\Driver\Sqlite.class.php 第 47 行.
NOTIC: [8] Undefined index: extra D:\1\v1073125\wwwroot\ThinkPHP\Library\Think\Db\Driver\Sqlite.class.php 第 48 行.
NOTIC: [8] Undefined index: null D:\1\v1073125\wwwroot\ThinkPHP\Library\Think\Db\Driver\Sqlite.class.php 第 45 行.
NOTIC: [8] Undefined index: default D:\1\v1073125\wwwroot\ThinkPHP\Library\Think\Db\Driver\Sqlite.class.php 第 46 行.
NOTIC: [8] Undefined index: dey D:\1\v1073125\wwwroot\ThinkPHP\Library\Think\Db\Driver\Sqlite.class.php 第 47 行.
NOTIC: [8] Undefined index: extra D:\1\v1073125\wwwroot\ThinkPHP\Library\Think\Db\Driver\Sqlite.class.php 第 48 行.
NOTIC: [8] Undefined index: null D:\1\v1073125\wwwroot\ThinkPHP\Library\Think\Db\Driver\Sqlite.class.php 第 45 行.
NOTIC: [8] Undefined index: default D:\1\v1073125\wwwroot\ThinkPHP\Library\Think\Db\Driver\Sqlite.class.php 第 46 行.
NOTIC: [8] Undefined index: dey D:\1\v1073125\wwwroot\ThinkPHP\Library\Think\Db\Driver\Sqlite.class.php 第 47 行.
NOTIC: [8] Undefined index: extra D:\1\v1073125\wwwroot\ThinkPHP\Library\Think\Db\Driver\Sqlite.class.php 第 48 行.
NOTIC: [8] Undefined index: null D:\1\v1073125\wwwroot\ThinkPHP\Library\Think\Db\Driver\Sqlite.class.php 第 45 行.
NOTIC: [8] Undefined index: default D:\1\v1073125\wwwroot\ThinkPHP\Library\Think\Db\Driver\Sqlite.class.php 第 46 行.
NOTIC: [8] Undefined index: dey D:\1\v1073125\wwwroot\ThinkPHP\Library\Think\Db\Driver\Sqlite.class.php 第 47 行.
NOTIC: [8] Undefined index: extra D:\1\v1073125\wwwroot\ThinkPHP\Library\Think\Db\Driver\Sqlite.class.php 第 48 行.
NOTIC: [8] Undefined index: null D:\1\v1073125\wwwroot\ThinkPHP\Library\Think\Db\Driver\Sqlite.class.php 第 45 行.
NOTIC: [8] Undefined index: default D:\1\v1073125\wwwroot\ThinkPHP\Library\Think\Db\Driver\Sqlite.class.php 第 46 行.
NOTIC: [8] Undefined index: dey D:\1\v1073125\wwwroot\ThinkPHP\Library\Think\Db\Driver\Sqlite.class.php 第 47 行.
NOTIC: [8] Undefined index: extra D:\1\v1073125\wwwroot\ThinkPHP\Library\Think\Db\Driver\Sqlite.class.php 第 48 行.
NOTIC: [8] Undefined index: null D:\1\v1073125\wwwroot\ThinkPHP\Library\Think\Db\Driver\Sqlite.class.php 第 45 行.
NOTIC: [8] Undefined index: default D:\1\v1073125\wwwroot\ThinkPHP\Library\Think\Db\Driver\Sqlite.class.php 第 46 行.
NOTIC: [8] Undefined index: dey D:\1\v1073125\wwwroot\ThinkPHP\Library\Think\Db\Driver\Sqlite.class.php 第 47 行.
NOTIC: [8] Undefined index: extra D:\1\v1073125\wwwroot\ThinkPHP\Library\Think\Db\Driver\Sqlite.class.php 第 48 行.
NOTIC: [8] Undefined index: null D:\1\v1073125\wwwroot\ThinkPHP\Library\Think\Db\Driver\Sqlite.class.php 第 45 行.
NOTIC: [8] Undefined index: default D:\1\v1073125\wwwroot\ThinkPHP\Library\Think\Db\Driver\Sqlite.class.php 第 46 行.
NOTIC: [8] Undefined index: dey D:\1\v1073125\wwwroot\ThinkPHP\Library\Think\Db\Driver\Sqlite.class.php 第 47 行.
NOTIC: [8] Undefined index: extra D:\1\v1073125\wwwroot\ThinkPHP\Library\Think\Db\Driver\Sqlite.class.php 第 48 行.
NOTIC: [8] Undefined index: null D:\1\v1073125\wwwroot\ThinkPHP\Library\Think\Db\Driver\Sqlite.class.php 第 45 行.
NOTIC: [8] Undefined index: default D:\1\v1073125\wwwroot\ThinkPHP\Library\Think\Db\Driver\Sqlite.class.php 第 46 行.
NOTIC: [8] Undefined index: dey D:\1\v1073125\wwwroot\ThinkPHP\Library\Think\Db\Driver\Sqlite.class.php 第 47 行.
NOTIC: [8] Undefined index: extra D:\1\v1073125\wwwroot\ThinkPHP\Library\Think\Db\Driver\Sqlite.class.php 第 48 行.
NOTIC: [8] Undefined index: null D:\1\v1073125\wwwroot\ThinkPHP\Library\Think\Db\Driver\Sqlite.class.php 第 45 行.
NOTIC: [8] Undefined index: default D:\1\v1073125\wwwroot\ThinkPHP\Library\Think\Db\Driver\Sqlite.class.php 第 46 行.
NOTIC: [8] Undefined index: dey D:\1\v1073125\wwwroot\ThinkPHP\Library\Think\Db\Driver\Sqlite.class.php 第 47 行.
NOTIC: [8] Undefined index: extra D:\1\v1073125\wwwroot\ThinkPHP\Library\Think\Db\Driver\Sqlite.class.php 第 48 行.
NOTIC: [8] Undefined index: null D:\1\v1073125\wwwroot\ThinkPHP\Library\Think\Db\Driver\Sqlite.class.php 第 45 行.
NOTIC: [8] Undefined index: default D:\1\v1073125\wwwroot\ThinkPHP\Library\Think\Db\Driver\Sqlite.class.php 第 46 行.
NOTIC: [8] Undefined index: dey D:\1\v1073125\wwwroot\ThinkPHP\Library\Think\Db\Driver\Sqlite.class.php 第 47 行.
NOTIC: [8] Undefined index: extra D:\1\v1073125\wwwroot\ThinkPHP\Library\Think\Db\Driver\Sqlite.class.php 第 48 行.
NOTIC: [8] Undefined index: validate D:\1\v1073125\wwwroot\ThinkPHP\Library\Think\Model.class.php 第 1185 行.
NOTIC: [8] Undefined index: auto D:\1\v1073125\wwwroot\ThinkPHP\Library\Think\Model.class.php 第 1128 行.
SQL: SELECT * FROM db_admin WHERE loginname = 'Sadmin' AND password = '21232f297a57a5a743894a0e4a801fc3' LIMIT 1   [ RunTime:0.0010s ]
SQL: UPDATE db_admin SET loginnum='63',lasttime='2019-03-02 19:53:57',lastip='220.175.54.195',lastarea='江西省南昌市',tokencode='U2FkbWluLDE1NTE1Mjc2Mzc=',tokendeadline='1551534837' WHERE id = '7fececc8934b29bafa1aa86d7f77c2c4' [ RunTime:0.0088s ]
NOTIC: [8] Undefined index: tokenCode D:\1\v1073125\wwwroot\Application\Admin\Common\function.php 第 120 行.

[ 2019-03-02T19:53:57+08:00 ] 220.175.54.195 /Admin/Index/Index.html
INFO: [ app_init ] --START--
INFO: Run Behavior\BuildLiteBehavior [ RunTime:0.000000s ]
INFO: [ app_init ] --END-- [ RunTime:0.000000s ]
INFO: [ app_begin ] --START--
INFO: Run Behavior\ReadHtmlCacheBehavior [ RunTime:0.000000s ]
INFO: [ app_begin ] --END-- [ RunTime:0.000977s ]
INFO: [ view_parse ] --START--
INFO: [ template_filter ] --START--
INFO: Run Behavior\ContentReplaceBehavior [ RunTime:0.000000s ]
INFO: [ template_filter ] --END-- [ RunTime:0.000000s ]
INFO: Run Behavior\ParseTemplateBehavior [ RunTime:0.014649s ]
INFO: [ view_parse ] --END-- [ RunTime:0.014649s ]
INFO: [ view_filter ] --START--
INFO: Run Behavior\WriteHtmlCacheBehavior [ RunTime:0.000000s ]
INFO: [ view_filter ] --END-- [ RunTime:0.000000s ]
INFO: [ app_end ] --START--
INFO: Run Behavior\ShowPageTraceBehavior [ RunTime:0.000976s ]
INFO: [ app_end ] --END-- [ RunTime:0.000976s ]

[ 2019-03-02T19:54:14+08:00 ] 220.175.54.195 /Admin/Show/Index.html
INFO: [ app_init ] --START--
INFO: Run Behavior\BuildLiteBehavior [ RunTime:0.000000s ]
INFO: [ app_init ] --END-- [ RunTime:0.000000s ]
INFO: [ app_begin ] --START--
INFO: Run Behavior\ReadHtmlCacheBehavior [ RunTime:0.000976s ]
INFO: [ app_begin ] --END-- [ RunTime:0.000976s ]
SQL: PRAGMA table_info( db_show ) [ RunTime:0.0000s ]
NOTIC: [8] Undefined index: null D:\1\v1073125\wwwroot\ThinkPHP\Library\Think\Db\Driver\Sqlite.class.php 第 45 行.
NOTIC: [8] Undefined index: default D:\1\v1073125\wwwroot\ThinkPHP\Library\Think\Db\Driver\Sqlite.class.php 第 46 行.
NOTIC: [8] Undefined index: dey D:\1\v1073125\wwwroot\ThinkPHP\Library\Think\Db\Driver\Sqlite.class.php 第 47 行.
NOTIC: [8] Undefined index: extra D:\1\v1073125\wwwroot\ThinkPHP\Library\Think\Db\Driver\Sqlite.class.php 第 48 行.
NOTIC: [8] Undefined index: null D:\1\v1073125\wwwroot\ThinkPHP\Library\Think\Db\Driver\Sqlite.class.php 第 45 行.
NOTIC: [8] Undefined index: default D:\1\v1073125\wwwroot\ThinkPHP\Library\Think\Db\Driver\Sqlite.class.php 第 46 行.
NOTIC: [8] Undefined index: dey D:\1\v1073125\wwwroot\ThinkPHP\Library\Think\Db\Driver\Sqlite.class.php 第 47 行.
NOTIC: [8] Undefined index: extra D:\1\v1073125\wwwroot\ThinkPHP\Library\Think\Db\Driver\Sqlite.class.php 第 48 行.
NOTIC: [8] Undefined index: null D:\1\v1073125\wwwroot\ThinkPHP\Library\Think\Db\Driver\Sqlite.class.php 第 45 行.
NOTIC: [8] Undefined index: default D:\1\v1073125\wwwroot\ThinkPHP\Library\Think\Db\Driver\Sqlite.class.php 第 46 行.
NOTIC: [8] Undefined index: dey D:\1\v1073125\wwwroot\ThinkPHP\Library\Think\Db\Driver\Sqlite.class.php 第 47 行.
NOTIC: [8] Undefined index: extra D:\1\v1073125\wwwroot\ThinkPHP\Library\Think\Db\Driver\Sqlite.class.php 第 48 行.
NOTIC: [8] Undefined index: null D:\1\v1073125\wwwroot\ThinkPHP\Library\Think\Db\Driver\Sqlite.class.php 第 45 行.
NOTIC: [8] Undefined index: default D:\1\v1073125\wwwroot\ThinkPHP\Library\Think\Db\Driver\Sqlite.class.php 第 46 行.
NOTIC: [8] Undefined index: dey D:\1\v1073125\wwwroot\ThinkPHP\Library\Think\Db\Driver\Sqlite.class.php 第 47 行.
NOTIC: [8] Undefined index: extra D:\1\v1073125\wwwroot\ThinkPHP\Library\Think\Db\Driver\Sqlite.class.php 第 48 行.
NOTIC: [8] Undefined index: null D:\1\v1073125\wwwroot\ThinkPHP\Library\Think\Db\Driver\Sqlite.class.php 第 45 行.
NOTIC: [8] Undefined index: default D:\1\v1073125\wwwroot\ThinkPHP\Library\Think\Db\Driver\Sqlite.class.php 第 46 行.
NOTIC: [8] Undefined index: dey D:\1\v1073125\wwwroot\ThinkPHP\Library\Think\Db\Driver\Sqlite.class.php 第 47 行.
NOTIC: [8] Undefined index: extra D:\1\v1073125\wwwroot\ThinkPHP\Library\Think\Db\Driver\Sqlite.class.php 第 48 行.
NOTIC: [8] Undefined index: null D:\1\v1073125\wwwroot\ThinkPHP\Library\Think\Db\Driver\Sqlite.class.php 第 45 行.
NOTIC: [8] Undefined index: default D:\1\v1073125\wwwroot\ThinkPHP\Library\Think\Db\Driver\Sqlite.class.php 第 46 行.
NOTIC: [8] Undefined index: dey D:\1\v1073125\wwwroot\ThinkPHP\Library\Think\Db\Driver\Sqlite.class.php 第 47 行.
NOTIC: [8] Undefined index: extra D:\1\v1073125\wwwroot\ThinkPHP\Library\Think\Db\Driver\Sqlite.class.php 第 48 行.
NOTIC: [8] Undefined index: null D:\1\v1073125\wwwroot\ThinkPHP\Library\Think\Db\Driver\Sqlite.class.php 第 45 行.
NOTIC: [8] Undefined index: default D:\1\v1073125\wwwroot\ThinkPHP\Library\Think\Db\Driver\Sqlite.class.php 第 46 行.
NOTIC: [8] Undefined index: dey D:\1\v1073125\wwwroot\ThinkPHP\Library\Think\Db\Driver\Sqlite.class.php 第 47 行.
NOTIC: [8] Undefined index: extra D:\1\v1073125\wwwroot\ThinkPHP\Library\Think\Db\Driver\Sqlite.class.php 第 48 行.
NOTIC: [8] Undefined index: null D:\1\v1073125\wwwroot\ThinkPHP\Library\Think\Db\Driver\Sqlite.class.php 第 45 行.
NOTIC: [8] Undefined index: default D:\1\v1073125\wwwroot\ThinkPHP\Library\Think\Db\Driver\Sqlite.class.php 第 46 行.
NOTIC: [8] Undefined index: dey D:\1\v1073125\wwwroot\ThinkPHP\Library\Think\Db\Driver\Sqlite.class.php 第 47 行.
NOTIC: [8] Undefined index: extra D:\1\v1073125\wwwroot\ThinkPHP\Library\Think\Db\Driver\Sqlite.class.php 第 48 行.
NOTIC: [8] Undefined index: null D:\1\v1073125\wwwroot\ThinkPHP\Library\Think\Db\Driver\Sqlite.class.php 第 45 行.
NOTIC: [8] Undefined index: default D:\1\v1073125\wwwroot\ThinkPHP\Library\Think\Db\Driver\Sqlite.class.php 第 46 行.
NOTIC: [8] Undefined index: dey D:\1\v1073125\wwwroot\ThinkPHP\Library\Think\Db\Driver\Sqlite.class.php 第 47 行.
NOTIC: [8] Undefined index: extra D:\1\v1073125\wwwroot\ThinkPHP\Library\Think\Db\Driver\Sqlite.class.php 第 48 行.
NOTIC: [8] Undefined index: null D:\1\v1073125\wwwroot\ThinkPHP\Library\Think\Db\Driver\Sqlite.class.php 第 45 行.
NOTIC: [8] Undefined index: default D:\1\v1073125\wwwroot\ThinkPHP\Library\Think\Db\Driver\Sqlite.class.php 第 46 行.
NOTIC: [8] Undefined index: dey D:\1\v1073125\wwwroot\ThinkPHP\Library\Think\Db\Driver\Sqlite.class.php 第 47 行.
NOTIC: [8] Undefined index: extra D:\1\v1073125\wwwroot\ThinkPHP\Library\Think\Db\Driver\Sqlite.class.php 第 48 行.
SQL: SELECT COUNT(*) AS tp_count FROM db_show LIMIT 1   [ RunTime:0.0000s ]
SQL: PRAGMA table_info( db_showcate ) [ RunTime:0.0000s ]
NOTIC: [8] Undefined index: null D:\1\v1073125\wwwroot\ThinkPHP\Library\Think\Db\Driver\Sqlite.class.php 第 45 行.
NOTIC: [8] Undefined index: default D:\1\v1073125\wwwroot\ThinkPHP\Library\Think\Db\Driver\Sqlite.class.php 第 46 行.
NOTIC: [8] Undefined index: dey D:\1\v1073125\wwwroot\ThinkPHP\Library\Think\Db\Driver\Sqlite.class.php 第 47 行.
NOTIC: [8] Undefined index: extra D:\1\v1073125\wwwroot\ThinkPHP\Library\Think\Db\Driver\Sqlite.class.php 第 48 行.
NOTIC: [8] Undefined index: null D:\1\v1073125\wwwroot\ThinkPHP\Library\Think\Db\Driver\Sqlite.class.php 第 45 行.
NOTIC: [8] Undefined index: default D:\1\v1073125\wwwroot\ThinkPHP\Library\Think\Db\Driver\Sqlite.class.php 第 46 行.
NOTIC: [8] Undefined index: dey D:\1\v1073125\wwwroot\ThinkPHP\Library\Think\Db\Driver\Sqlite.class.php 第 47 行.
NOTIC: [8] Undefined index: extra D:\1\v1073125\wwwroot\ThinkPHP\Library\Think\Db\Driver\Sqlite.class.php 第 48 行.
NOTIC: [8] Undefined index: null D:\1\v1073125\wwwroot\ThinkPHP\Library\Think\Db\Driver\Sqlite.class.php 第 45 行.
NOTIC: [8] Undefined index: default D:\1\v1073125\wwwroot\ThinkPHP\Library\Think\Db\Driver\Sqlite.class.php 第 46 行.
NOTIC: [8] Undefined index: dey D:\1\v1073125\wwwroot\ThinkPHP\Library\Think\Db\Driver\Sqlite.class.php 第 47 行.
NOTIC: [8] Undefined index: extra D:\1\v1073125\wwwroot\ThinkPHP\Library\Think\Db\Driver\Sqlite.class.php 第 48 行.
NOTIC: [8] Undefined index: null D:\1\v1073125\wwwroot\ThinkPHP\Library\Think\Db\Driver\Sqlite.class.php 第 45 行.
NOTIC: [8] Undefined index: default D:\1\v1073125\wwwroot\ThinkPHP\Library\Think\Db\Driver\Sqlite.class.php 第 46 行.
NOTIC: [8] Undefined index: dey D:\1\v1073125\wwwroot\ThinkPHP\Library\Think\Db\Driver\Sqlite.class.php 第 47 行.
NOTIC: [8] Undefined index: extra D:\1\v1073125\wwwroot\ThinkPHP\Library\Think\Db\Driver\Sqlite.class.php 第 48 行.
NOTIC: [8] Undefined index: null D:\1\v1073125\wwwroot\ThinkPHP\Library\Think\Db\Driver\Sqlite.class.php 第 45 行.
NOTIC: [8] Undefined index: default D:\1\v1073125\wwwroot\ThinkPHP\Library\Think\Db\Driver\Sqlite.class.php 第 46 行.
NOTIC: [8] Undefined index: dey D:\1\v1073125\wwwroot\ThinkPHP\Library\Think\Db\Driver\Sqlite.class.php 第 47 行.
NOTIC: [8] Undefined index: extra D:\1\v1073125\wwwroot\ThinkPHP\Library\Think\Db\Driver\Sqlite.class.php 第 48 行.
NOTIC: [8] Undefined index: null D:\1\v1073125\wwwroot\ThinkPHP\Library\Think\Db\Driver\Sqlite.class.php 第 45 行.
NOTIC: [8] Undefined index: default D:\1\v1073125\wwwroot\ThinkPHP\Library\Think\Db\Driver\Sqlite.class.php 第 46 行.
NOTIC: [8] Undefined index: dey D:\1\v1073125\wwwroot\ThinkPHP\Library\Think\Db\Driver\Sqlite.class.php 第 47 行.
NOTIC: [8] Undefined index: extra D:\1\v1073125\wwwroot\ThinkPHP\Library\Think\Db\Driver\Sqlite.class.php 第 48 行.
NOTIC: [8] Undefined index: null D:\1\v1073125\wwwroot\ThinkPHP\Library\Think\Db\Driver\Sqlite.class.php 第 45 行.
NOTIC: [8] Undefined index: default D:\1\v1073125\wwwroot\ThinkPHP\Library\Think\Db\Driver\Sqlite.class.php 第 46 行.
NOTIC: [8] Undefined index: dey D:\1\v1073125\wwwroot\ThinkPHP\Library\Think\Db\Driver\Sqlite.class.php 第 47 行.
NOTIC: [8] Undefined index: extra D:\1\v1073125\wwwroot\ThinkPHP\Library\Think\Db\Driver\Sqlite.class.php 第 48 行.
SQL: SELECT * FROM db_showcate  [ RunTime:0.0000s ]
NOTIC: [8] Undefined variable: ccate D:\1\v1073125\wwwroot\Application\Admin\Controller\ShowController.class.php 第 27 行.
SQL: SELECT A.id as id,A.img,A.times,A.orderid,B.name FROM db_show A left join db_ShowCate B on B.id=A.category  ORDER BY A.orderid desc LIMIT 15 OFFSET 0   [ RunTime:0.0010s ]
INFO: [ view_parse ] --START--
INFO: [ template_filter ] --START--
INFO: Run Behavior\ContentReplaceBehavior [ RunTime:0.000000s ]
INFO: [ template_filter ] --END-- [ RunTime:0.000000s ]
INFO: Run Behavior\ParseTemplateBehavior [ RunTime:0.015625s ]
INFO: [ view_parse ] --END-- [ RunTime:0.015625s ]
INFO: [ view_filter ] --START--
INFO: Run Behavior\WriteHtmlCacheBehavior [ RunTime:0.000977s ]
INFO: [ view_filter ] --END-- [ RunTime:0.000977s ]
INFO: [ app_end ] --START--
INFO: Run Behavior\ShowPageTraceBehavior [ RunTime:0.000976s ]
INFO: [ app_end ] --END-- [ RunTime:0.000976s ]

[ 2019-03-02T19:54:32+08:00 ] 220.175.54.195 /Admin/Show/Category.html
INFO: [ app_init ] --START--
INFO: Run Behavior\BuildLiteBehavior [ RunTime:0.000000s ]
INFO: [ app_init ] --END-- [ RunTime:0.000000s ]
INFO: [ app_begin ] --START--
INFO: Run Behavior\ReadHtmlCacheBehavior [ RunTime:0.000000s ]
INFO: [ app_begin ] --END-- [ RunTime:0.000977s ]
SQL: PRAGMA table_info( db_showcate ) [ RunTime:0.0010s ]
NOTIC: [8] Undefined index: null D:\1\v1073125\wwwroot\ThinkPHP\Library\Think\Db\Driver\Sqlite.class.php 第 45 行.
NOTIC: [8] Undefined index: default D:\1\v1073125\wwwroot\ThinkPHP\Library\Think\Db\Driver\Sqlite.class.php 第 46 行.
NOTIC: [8] Undefined index: dey D:\1\v1073125\wwwroot\ThinkPHP\Library\Think\Db\Driver\Sqlite.class.php 第 47 行.
NOTIC: [8] Undefined index: extra D:\1\v1073125\wwwroot\ThinkPHP\Library\Think\Db\Driver\Sqlite.class.php 第 48 行.
NOTIC: [8] Undefined index: null D:\1\v1073125\wwwroot\ThinkPHP\Library\Think\Db\Driver\Sqlite.class.php 第 45 行.
NOTIC: [8] Undefined index: default D:\1\v1073125\wwwroot\ThinkPHP\Library\Think\Db\Driver\Sqlite.class.php 第 46 行.
NOTIC: [8] Undefined index: dey D:\1\v1073125\wwwroot\ThinkPHP\Library\Think\Db\Driver\Sqlite.class.php 第 47 行.
NOTIC: [8] Undefined index: extra D:\1\v1073125\wwwroot\ThinkPHP\Library\Think\Db\Driver\Sqlite.class.php 第 48 行.
NOTIC: [8] Undefined index: null D:\1\v1073125\wwwroot\ThinkPHP\Library\Think\Db\Driver\Sqlite.class.php 第 45 行.
NOTIC: [8] Undefined index: default D:\1\v1073125\wwwroot\ThinkPHP\Library\Think\Db\Driver\Sqlite.class.php 第 46 行.
NOTIC: [8] Undefined index: dey D:\1\v1073125\wwwroot\ThinkPHP\Library\Think\Db\Driver\Sqlite.class.php 第 47 行.
NOTIC: [8] Undefined index: extra D:\1\v1073125\wwwroot\ThinkPHP\Library\Think\Db\Driver\Sqlite.class.php 第 48 行.
NOTIC: [8] Undefined index: null D:\1\v1073125\wwwroot\ThinkPHP\Library\Think\Db\Driver\Sqlite.class.php 第 45 行.
NOTIC: [8] Undefined index: default D:\1\v1073125\wwwroot\ThinkPHP\Library\Think\Db\Driver\Sqlite.class.php 第 46 行.
NOTIC: [8] Undefined index: dey D:\1\v1073125\wwwroot\ThinkPHP\Library\Think\Db\Driver\Sqlite.class.php 第 47 行.
NOTIC: [8] Undefined index: extra D:\1\v1073125\wwwroot\ThinkPHP\Library\Think\Db\Driver\Sqlite.class.php 第 48 行.
NOTIC: [8] Undefined index: null D:\1\v1073125\wwwroot\ThinkPHP\Library\Think\Db\Driver\Sqlite.class.php 第 45 行.
NOTIC: [8] Undefined index: default D:\1\v1073125\wwwroot\ThinkPHP\Library\Think\Db\Driver\Sqlite.class.php 第 46 行.
NOTIC: [8] Undefined index: dey D:\1\v1073125\wwwroot\ThinkPHP\Library\Think\Db\Driver\Sqlite.class.php 第 47 行.
NOTIC: [8] Undefined index: extra D:\1\v1073125\wwwroot\ThinkPHP\Library\Think\Db\Driver\Sqlite.class.php 第 48 行.
NOTIC: [8] Undefined index: null D:\1\v1073125\wwwroot\ThinkPHP\Library\Think\Db\Driver\Sqlite.class.php 第 45 行.
NOTIC: [8] Undefined index: default D:\1\v1073125\wwwroot\ThinkPHP\Library\Think\Db\Driver\Sqlite.class.php 第 46 行.
NOTIC: [8] Undefined index: dey D:\1\v1073125\wwwroot\ThinkPHP\Library\Think\Db\Driver\Sqlite.class.php 第 47 行.
NOTIC: [8] Undefined index: extra D:\1\v1073125\wwwroot\ThinkPHP\Library\Think\Db\Driver\Sqlite.class.php 第 48 行.
NOTIC: [8] Undefined index: null D:\1\v1073125\wwwroot\ThinkPHP\Library\Think\Db\Driver\Sqlite.class.php 第 45 行.
NOTIC: [8] Undefined index: default D:\1\v1073125\wwwroot\ThinkPHP\Library\Think\Db\Driver\Sqlite.class.php 第 46 行.
NOTIC: [8] Undefined index: dey D:\1\v1073125\wwwroot\ThinkPHP\Library\Think\Db\Driver\Sqlite.class.php 第 47 行.
NOTIC: [8] Undefined index: extra D:\1\v1073125\wwwroot\ThinkPHP\Library\Think\Db\Driver\Sqlite.class.php 第 48 行.
SQL: SELECT * FROM db_showcate ORDER BY orderid desc  [ RunTime:0.0000s ]
INFO: [ view_parse ] --START--
INFO: [ template_filter ] --START--
INFO: Run Behavior\ContentReplaceBehavior [ RunTime:0.000000s ]
INFO: [ template_filter ] --END-- [ RunTime:0.000000s ]
INFO: Run Behavior\ParseTemplateBehavior [ RunTime:0.018555s ]
INFO: [ view_parse ] --END-- [ RunTime:0.018555s ]
INFO: [ view_filter ] --START--
INFO: Run Behavior\WriteHtmlCacheBehavior [ RunTime:0.000000s ]
INFO: [ view_filter ] --END-- [ RunTime:0.000000s ]
INFO: [ app_end ] --START--
INFO: Run Behavior\ShowPageTraceBehavior [ RunTime:0.000000s ]
INFO: [ app_end ] --END-- [ RunTime:0.000000s ]

[ 2019-03-02T19:55:12+08:00 ] 220.175.54.195 /Admin/Show/CateAddList/category/31.html
INFO: [ app_init ] --START--
INFO: Run Behavior\BuildLiteBehavior [ RunTime:0.000000s ]
INFO: [ app_init ] --END-- [ RunTime:0.000976s ]
INFO: [ app_begin ] --START--
INFO: Run Behavior\ReadHtmlCacheBehavior [ RunTime:0.000976s ]
INFO: [ app_begin ] --END-- [ RunTime:0.000976s ]
INFO: [ view_parse ] --START--
INFO: [ template_filter ] --START--
INFO: Run Behavior\ContentReplaceBehavior [ RunTime:0.000977s ]
INFO: [ template_filter ] --END-- [ RunTime:0.000977s ]
INFO: Run Behavior\ParseTemplateBehavior [ RunTime:0.012695s ]
INFO: [ view_parse ] --END-- [ RunTime:0.012695s ]
INFO: [ view_filter ] --START--
INFO: Run Behavior\WriteHtmlCacheBehavior [ RunTime:0.000977s ]
INFO: [ view_filter ] --END-- [ RunTime:0.000977s ]
INFO: [ app_end ] --START--
INFO: Run Behavior\ShowPageTraceBehavior [ RunTime:0.000976s ]
INFO: [ app_end ] --END-- [ RunTime:0.000976s ]

[ 2019-03-02T19:55:15+08:00 ] 220.175.54.195 /Admin/Show/CateAddList/category/31.html
INFO: [ app_init ] --START--
INFO: Run Behavior\BuildLiteBehavior [ RunTime:0.000000s ]
INFO: [ app_init ] --END-- [ RunTime:0.000976s ]
INFO: [ app_begin ] --START--
INFO: Run Behavior\ReadHtmlCacheBehavior [ RunTime:0.000977s ]
INFO: [ app_begin ] --END-- [ RunTime:0.000977s ]
SQL: PRAGMA table_info( db_showcate ) [ RunTime:0.0010s ]
NOTIC: [8] Undefined index: null D:\1\v1073125\wwwroot\ThinkPHP\Library\Think\Db\Driver\Sqlite.class.php 第 45 行.
NOTIC: [8] Undefined index: default D:\1\v1073125\wwwroot\ThinkPHP\Library\Think\Db\Driver\Sqlite.class.php 第 46 行.
NOTIC: [8] Undefined index: dey D:\1\v1073125\wwwroot\ThinkPHP\Library\Think\Db\Driver\Sqlite.class.php 第 47 行.
NOTIC: [8] Undefined index: extra D:\1\v1073125\wwwroot\ThinkPHP\Library\Think\Db\Driver\Sqlite.class.php 第 48 行.
NOTIC: [8] Undefined index: null D:\1\v1073125\wwwroot\ThinkPHP\Library\Think\Db\Driver\Sqlite.class.php 第 45 行.
NOTIC: [8] Undefined index: default D:\1\v1073125\wwwroot\ThinkPHP\Library\Think\Db\Driver\Sqlite.class.php 第 46 行.
NOTIC: [8] Undefined index: dey D:\1\v1073125\wwwroot\ThinkPHP\Library\Think\Db\Driver\Sqlite.class.php 第 47 行.
NOTIC: [8] Undefined index: extra D:\1\v1073125\wwwroot\ThinkPHP\Library\Think\Db\Driver\Sqlite.class.php 第 48 行.
NOTIC: [8] Undefined index: null D:\1\v1073125\wwwroot\ThinkPHP\Library\Think\Db\Driver\Sqlite.class.php 第 45 行.
NOTIC: [8] Undefined index: default D:\1\v1073125\wwwroot\ThinkPHP\Library\Think\Db\Driver\Sqlite.class.php 第 46 行.
NOTIC: [8] Undefined index: dey D:\1\v1073125\wwwroot\ThinkPHP\Library\Think\Db\Driver\Sqlite.class.php 第 47 行.
NOTIC: [8] Undefined index: extra D:\1\v1073125\wwwroot\ThinkPHP\Library\Think\Db\Driver\Sqlite.class.php 第 48 行.
NOTIC: [8] Undefined index: null D:\1\v1073125\wwwroot\ThinkPHP\Library\Think\Db\Driver\Sqlite.class.php 第 45 行.
NOTIC: [8] Undefined index: default D:\1\v1073125\wwwroot\ThinkPHP\Library\Think\Db\Driver\Sqlite.class.php 第 46 行.
NOTIC: [8] Undefined index: dey D:\1\v1073125\wwwroot\ThinkPHP\Library\Think\Db\Driver\Sqlite.class.php 第 47 行.
NOTIC: [8] Undefined index: extra D:\1\v1073125\wwwroot\ThinkPHP\Library\Think\Db\Driver\Sqlite.class.php 第 48 行.
NOTIC: [8] Undefined index: null D:\1\v1073125\wwwroot\ThinkPHP\Library\Think\Db\Driver\Sqlite.class.php 第 45 行.
NOTIC: [8] Undefined index: default D:\1\v1073125\wwwroot\ThinkPHP\Library\Think\Db\Driver\Sqlite.class.php 第 46 行.
NOTIC: [8] Undefined index: dey D:\1\v1073125\wwwroot\ThinkPHP\Library\Think\Db\Driver\Sqlite.class.php 第 47 行.
NOTIC: [8] Undefined index: extra D:\1\v1073125\wwwroot\ThinkPHP\Library\Think\Db\Driver\Sqlite.class.php 第 48 行.
NOTIC: [8] Undefined index: null D:\1\v1073125\wwwroot\ThinkPHP\Library\Think\Db\Driver\Sqlite.class.php 第 45 行.
NOTIC: [8] Undefined index: default D:\1\v1073125\wwwroot\ThinkPHP\Library\Think\Db\Driver\Sqlite.class.php 第 46 行.
NOTIC: [8] Undefined index: dey D:\1\v1073125\wwwroot\ThinkPHP\Library\Think\Db\Driver\Sqlite.class.php 第 47 行.
NOTIC: [8] Undefined index: extra D:\1\v1073125\wwwroot\ThinkPHP\Library\Think\Db\Driver\Sqlite.class.php 第 48 行.
NOTIC: [8] Undefined index: null D:\1\v1073125\wwwroot\ThinkPHP\Library\Think\Db\Driver\Sqlite.class.php 第 45 行.
NOTIC: [8] Undefined index: default D:\1\v1073125\wwwroot\ThinkPHP\Library\Think\Db\Driver\Sqlite.class.php 第 46 行.
NOTIC: [8] Undefined index: dey D:\1\v1073125\wwwroot\ThinkPHP\Library\Think\Db\Driver\Sqlite.class.php 第 47 行.
NOTIC: [8] Undefined index: extra D:\1\v1073125\wwwroot\ThinkPHP\Library\Think\Db\Driver\Sqlite.class.php 第 48 行.
SQL: SELECT * FROM db_showcate WHERE id = 31 LIMIT 1   [ RunTime:0.0000s ]
SQL: INSERT INTO db_showcate (orderid,name,ename,str,category,level) VALUES ('0','ddd','ddd','&nbsp;&nbsp;&nbsp;&nbsp;&nbsp;&nbsp;&nbsp;&nbsp;&nbsp;&nbsp;&nbsp;&nbsp;|——','31','3') [ RunTime:0.0059s ]
INFO: [ view_parse ] --START--
INFO: [ template_filter ] --START--
INFO: Run Behavior\ContentReplaceBehavior [ RunTime:0.000000s ]
INFO: [ template_filter ] --END-- [ RunTime:0.000000s ]
INFO: Run Behavior\ParseTemplateBehavior [ RunTime:0.008789s ]
INFO: [ view_parse ] --END-- [ RunTime:0.008789s ]
INFO: [ view_filter ] --START--
INFO: Run Behavior\WriteHtmlCacheBehavior [ RunTime:0.000000s ]
INFO: [ view_filter ] --END-- [ RunTime:0.000000s ]
INFO: [ app_end ] --START--
INFO: Run Behavior\ShowPageTraceBehavior [ RunTime:0.000000s ]
INFO: [ app_end ] --END-- [ RunTime:0.000977s ]

[ 2019-03-02T19:55:16+08:00 ] 220.175.54.195 /Admin/Show/Category.html
INFO: [ app_init ] --START--
INFO: Run Behavior\BuildLiteBehavior [ RunTime:0.000000s ]
INFO: [ app_init ] --END-- [ RunTime:0.000000s ]
INFO: [ app_begin ] --START--
INFO: Run Behavior\ReadHtmlCacheBehavior [ RunTime:0.000977s ]
INFO: [ app_begin ] --END-- [ RunTime:0.000977s ]
SQL: PRAGMA table_info( db_showcate ) [ RunTime:0.0010s ]
NOTIC: [8] Undefined index: null D:\1\v1073125\wwwroot\ThinkPHP\Library\Think\Db\Driver\Sqlite.class.php 第 45 行.
NOTIC: [8] Undefined index: default D:\1\v1073125\wwwroot\ThinkPHP\Library\Think\Db\Driver\Sqlite.class.php 第 46 行.
NOTIC: [8] Undefined index: dey D:\1\v1073125\wwwroot\ThinkPHP\Library\Think\Db\Driver\Sqlite.class.php 第 47 行.
NOTIC: [8] Undefined index: extra D:\1\v1073125\wwwroot\ThinkPHP\Library\Think\Db\Driver\Sqlite.class.php 第 48 行.
NOTIC: [8] Undefined index: null D:\1\v1073125\wwwroot\ThinkPHP\Library\Think\Db\Driver\Sqlite.class.php 第 45 行.
NOTIC: [8] Undefined index: default D:\1\v1073125\wwwroot\ThinkPHP\Library\Think\Db\Driver\Sqlite.class.php 第 46 行.
NOTIC: [8] Undefined index: dey D:\1\v1073125\wwwroot\ThinkPHP\Library\Think\Db\Driver\Sqlite.class.php 第 47 行.
NOTIC: [8] Undefined index: extra D:\1\v1073125\wwwroot\ThinkPHP\Library\Think\Db\Driver\Sqlite.class.php 第 48 行.
NOTIC: [8] Undefined index: null D:\1\v1073125\wwwroot\ThinkPHP\Library\Think\Db\Driver\Sqlite.class.php 第 45 行.
NOTIC: [8] Undefined index: default D:\1\v1073125\wwwroot\ThinkPHP\Library\Think\Db\Driver\Sqlite.class.php 第 46 行.
NOTIC: [8] Undefined index: dey D:\1\v1073125\wwwroot\ThinkPHP\Library\Think\Db\Driver\Sqlite.class.php 第 47 行.
NOTIC: [8] Undefined index: extra D:\1\v1073125\wwwroot\ThinkPHP\Library\Think\Db\Driver\Sqlite.class.php 第 48 行.
NOTIC: [8] Undefined index: null D:\1\v1073125\wwwroot\ThinkPHP\Library\Think\Db\Driver\Sqlite.class.php 第 45 行.
NOTIC: [8] Undefined index: default D:\1\v1073125\wwwroot\ThinkPHP\Library\Think\Db\Driver\Sqlite.class.php 第 46 行.
NOTIC: [8] Undefined index: dey D:\1\v1073125\wwwroot\ThinkPHP\Library\Think\Db\Driver\Sqlite.class.php 第 47 行.
NOTIC: [8] Undefined index: extra D:\1\v1073125\wwwroot\ThinkPHP\Library\Think\Db\Driver\Sqlite.class.php 第 48 行.
NOTIC: [8] Undefined index: null D:\1\v1073125\wwwroot\ThinkPHP\Library\Think\Db\Driver\Sqlite.class.php 第 45 行.
NOTIC: [8] Undefined index: default D:\1\v1073125\wwwroot\ThinkPHP\Library\Think\Db\Driver\Sqlite.class.php 第 46 行.
NOTIC: [8] Undefined index: dey D:\1\v1073125\wwwroot\ThinkPHP\Library\Think\Db\Driver\Sqlite.class.php 第 47 行.
NOTIC: [8] Undefined index: extra D:\1\v1073125\wwwroot\ThinkPHP\Library\Think\Db\Driver\Sqlite.class.php 第 48 行.
NOTIC: [8] Undefined index: null D:\1\v1073125\wwwroot\ThinkPHP\Library\Think\Db\Driver\Sqlite.class.php 第 45 行.
NOTIC: [8] Undefined index: default D:\1\v1073125\wwwroot\ThinkPHP\Library\Think\Db\Driver\Sqlite.class.php 第 46 行.
NOTIC: [8] Undefined index: dey D:\1\v1073125\wwwroot\ThinkPHP\Library\Think\Db\Driver\Sqlite.class.php 第 47 行.
NOTIC: [8] Undefined index: extra D:\1\v1073125\wwwroot\ThinkPHP\Library\Think\Db\Driver\Sqlite.class.php 第 48 行.
NOTIC: [8] Undefined index: null D:\1\v1073125\wwwroot\ThinkPHP\Library\Think\Db\Driver\Sqlite.class.php 第 45 行.
NOTIC: [8] Undefined index: default D:\1\v1073125\wwwroot\ThinkPHP\Library\Think\Db\Driver\Sqlite.class.php 第 46 行.
NOTIC: [8] Undefined index: dey D:\1\v1073125\wwwroot\ThinkPHP\Library\Think\Db\Driver\Sqlite.class.php 第 47 行.
NOTIC: [8] Undefined index: extra D:\1\v1073125\wwwroot\ThinkPHP\Library\Think\Db\Driver\Sqlite.class.php 第 48 行.
SQL: SELECT * FROM db_showcate ORDER BY orderid desc  [ RunTime:0.0000s ]
INFO: [ view_parse ] --START--
INFO: [ template_filter ] --START--
INFO: Run Behavior\ContentReplaceBehavior [ RunTime:0.000977s ]
INFO: [ template_filter ] --END-- [ RunTime:0.000977s ]
INFO: Run Behavior\ParseTemplateBehavior [ RunTime:0.021485s ]
INFO: [ view_parse ] --END-- [ RunTime:0.021485s ]
INFO: [ view_filter ] --START--
INFO: Run Behavior\WriteHtmlCacheBehavior [ RunTime:0.000000s ]
INFO: [ view_filter ] --END-- [ RunTime:0.000000s ]
INFO: [ app_end ] --START--
INFO: Run Behavior\ShowPageTraceBehavior [ RunTime:0.000976s ]
INFO: [ app_end ] --END-- [ RunTime:0.000976s ]

[ 2019-03-02T19:55:25+08:00 ] 220.175.54.195 /Admin/Show/CateDelete.html
INFO: [ app_init ] --START--
INFO: Run Behavior\BuildLiteBehavior [ RunTime:0.000000s ]
INFO: [ app_init ] --END-- [ RunTime:0.000976s ]
INFO: [ app_begin ] --START--
INFO: Run Behavior\ReadHtmlCacheBehavior [ RunTime:0.000976s ]
INFO: [ app_begin ] --END-- [ RunTime:0.000976s ]
SQL: PRAGMA table_info( db_showcate ) [ RunTime:0.0010s ]
NOTIC: [8] Undefined index: null D:\1\v1073125\wwwroot\ThinkPHP\Library\Think\Db\Driver\Sqlite.class.php 第 45 行.
NOTIC: [8] Undefined index: default D:\1\v1073125\wwwroot\ThinkPHP\Library\Think\Db\Driver\Sqlite.class.php 第 46 行.
NOTIC: [8] Undefined index: dey D:\1\v1073125\wwwroot\ThinkPHP\Library\Think\Db\Driver\Sqlite.class.php 第 47 行.
NOTIC: [8] Undefined index: extra D:\1\v1073125\wwwroot\ThinkPHP\Library\Think\Db\Driver\Sqlite.class.php 第 48 行.
NOTIC: [8] Undefined index: null D:\1\v1073125\wwwroot\ThinkPHP\Library\Think\Db\Driver\Sqlite.class.php 第 45 行.
NOTIC: [8] Undefined index: default D:\1\v1073125\wwwroot\ThinkPHP\Library\Think\Db\Driver\Sqlite.class.php 第 46 行.
NOTIC: [8] Undefined index: dey D:\1\v1073125\wwwroot\ThinkPHP\Library\Think\Db\Driver\Sqlite.class.php 第 47 行.
NOTIC: [8] Undefined index: extra D:\1\v1073125\wwwroot\ThinkPHP\Library\Think\Db\Driver\Sqlite.class.php 第 48 行.
NOTIC: [8] Undefined index: null D:\1\v1073125\wwwroot\ThinkPHP\Library\Think\Db\Driver\Sqlite.class.php 第 45 行.
NOTIC: [8] Undefined index: default D:\1\v1073125\wwwroot\ThinkPHP\Library\Think\Db\Driver\Sqlite.class.php 第 46 行.
NOTIC: [8] Undefined index: dey D:\1\v1073125\wwwroot\ThinkPHP\Library\Think\Db\Driver\Sqlite.class.php 第 47 行.
NOTIC: [8] Undefined index: extra D:\1\v1073125\wwwroot\ThinkPHP\Library\Think\Db\Driver\Sqlite.class.php 第 48 行.
NOTIC: [8] Undefined index: null D:\1\v1073125\wwwroot\ThinkPHP\Library\Think\Db\Driver\Sqlite.class.php 第 45 行.
NOTIC: [8] Undefined index: default D:\1\v1073125\wwwroot\ThinkPHP\Library\Think\Db\Driver\Sqlite.class.php 第 46 行.
NOTIC: [8] Undefined index: dey D:\1\v1073125\wwwroot\ThinkPHP\Library\Think\Db\Driver\Sqlite.class.php 第 47 行.
NOTIC: [8] Undefined index: extra D:\1\v1073125\wwwroot\ThinkPHP\Library\Think\Db\Driver\Sqlite.class.php 第 48 行.
NOTIC: [8] Undefined index: null D:\1\v1073125\wwwroot\ThinkPHP\Library\Think\Db\Driver\Sqlite.class.php 第 45 行.
NOTIC: [8] Undefined index: default D:\1\v1073125\wwwroot\ThinkPHP\Library\Think\Db\Driver\Sqlite.class.php 第 46 行.
NOTIC: [8] Undefined index: dey D:\1\v1073125\wwwroot\ThinkPHP\Library\Think\Db\Driver\Sqlite.class.php 第 47 行.
NOTIC: [8] Undefined index: extra D:\1\v1073125\wwwroot\ThinkPHP\Library\Think\Db\Driver\Sqlite.class.php 第 48 行.
NOTIC: [8] Undefined index: null D:\1\v1073125\wwwroot\ThinkPHP\Library\Think\Db\Driver\Sqlite.class.php 第 45 行.
NOTIC: [8] Undefined index: default D:\1\v1073125\wwwroot\ThinkPHP\Library\Think\Db\Driver\Sqlite.class.php 第 46 行.
NOTIC: [8] Undefined index: dey D:\1\v1073125\wwwroot\ThinkPHP\Library\Think\Db\Driver\Sqlite.class.php 第 47 行.
NOTIC: [8] Undefined index: extra D:\1\v1073125\wwwroot\ThinkPHP\Library\Think\Db\Driver\Sqlite.class.php 第 48 行.
NOTIC: [8] Undefined index: null D:\1\v1073125\wwwroot\ThinkPHP\Library\Think\Db\Driver\Sqlite.class.php 第 45 行.
NOTIC: [8] Undefined index: default D:\1\v1073125\wwwroot\ThinkPHP\Library\Think\Db\Driver\Sqlite.class.php 第 46 行.
NOTIC: [8] Undefined index: dey D:\1\v1073125\wwwroot\ThinkPHP\Library\Think\Db\Driver\Sqlite.class.php 第 47 行.
NOTIC: [8] Undefined index: extra D:\1\v1073125\wwwroot\ThinkPHP\Library\Think\Db\Driver\Sqlite.class.php 第 48 行.
NOTIC: [8192] Function split() is deprecated D:\1\v1073125\wwwroot\Application\Admin\Controller\ShowController.class.php 第 278 行.
SQL: DELETE FROM db_showcate WHERE id = 63 [ RunTime:0.0049s ]

[ 2019-03-02T19:55:27+08:00 ] 220.175.54.195 /Admin/Show/Category.html
INFO: [ app_init ] --START--
INFO: Run Behavior\BuildLiteBehavior [ RunTime:0.000000s ]
INFO: [ app_init ] --END-- [ RunTime:0.000000s ]
INFO: [ app_begin ] --START--
INFO: Run Behavior\ReadHtmlCacheBehavior [ RunTime:0.000977s ]
INFO: [ app_begin ] --END-- [ RunTime:0.000977s ]
SQL: PRAGMA table_info( db_showcate ) [ RunTime:0.0020s ]
NOTIC: [8] Undefined index: null D:\1\v1073125\wwwroot\ThinkPHP\Library\Think\Db\Driver\Sqlite.class.php 第 45 行.
NOTIC: [8] Undefined index: default D:\1\v1073125\wwwroot\ThinkPHP\Library\Think\Db\Driver\Sqlite.class.php 第 46 行.
NOTIC: [8] Undefined index: dey D:\1\v1073125\wwwroot\ThinkPHP\Library\Think\Db\Driver\Sqlite.class.php 第 47 行.
NOTIC: [8] Undefined index: extra D:\1\v1073125\wwwroot\ThinkPHP\Library\Think\Db\Driver\Sqlite.class.php 第 48 行.
NOTIC: [8] Undefined index: null D:\1\v1073125\wwwroot\ThinkPHP\Library\Think\Db\Driver\Sqlite.class.php 第 45 行.
NOTIC: [8] Undefined index: default D:\1\v1073125\wwwroot\ThinkPHP\Library\Think\Db\Driver\Sqlite.class.php 第 46 行.
NOTIC: [8] Undefined index: dey D:\1\v1073125\wwwroot\ThinkPHP\Library\Think\Db\Driver\Sqlite.class.php 第 47 行.
NOTIC: [8] Undefined index: extra D:\1\v1073125\wwwroot\ThinkPHP\Library\Think\Db\Driver\Sqlite.class.php 第 48 行.
NOTIC: [8] Undefined index: null D:\1\v1073125\wwwroot\ThinkPHP\Library\Think\Db\Driver\Sqlite.class.php 第 45 行.
NOTIC: [8] Undefined index: default D:\1\v1073125\wwwroot\ThinkPHP\Library\Think\Db\Driver\Sqlite.class.php 第 46 行.
NOTIC: [8] Undefined index: dey D:\1\v1073125\wwwroot\ThinkPHP\Library\Think\Db\Driver\Sqlite.class.php 第 47 行.
NOTIC: [8] Undefined index: extra D:\1\v1073125\wwwroot\ThinkPHP\Library\Think\Db\Driver\Sqlite.class.php 第 48 行.
NOTIC: [8] Undefined index: null D:\1\v1073125\wwwroot\ThinkPHP\Library\Think\Db\Driver\Sqlite.class.php 第 45 行.
NOTIC: [8] Undefined index: default D:\1\v1073125\wwwroot\ThinkPHP\Library\Think\Db\Driver\Sqlite.class.php 第 46 行.
NOTIC: [8] Undefined index: dey D:\1\v1073125\wwwroot\ThinkPHP\Library\Think\Db\Driver\Sqlite.class.php 第 47 行.
NOTIC: [8] Undefined index: extra D:\1\v1073125\wwwroot\ThinkPHP\Library\Think\Db\Driver\Sqlite.class.php 第 48 行.
NOTIC: [8] Undefined index: null D:\1\v1073125\wwwroot\ThinkPHP\Library\Think\Db\Driver\Sqlite.class.php 第 45 行.
NOTIC: [8] Undefined index: default D:\1\v1073125\wwwroot\ThinkPHP\Library\Think\Db\Driver\Sqlite.class.php 第 46 行.
NOTIC: [8] Undefined index: dey D:\1\v1073125\wwwroot\ThinkPHP\Library\Think\Db\Driver\Sqlite.class.php 第 47 行.
NOTIC: [8] Undefined index: extra D:\1\v1073125\wwwroot\ThinkPHP\Library\Think\Db\Driver\Sqlite.class.php 第 48 行.
NOTIC: [8] Undefined index: null D:\1\v1073125\wwwroot\ThinkPHP\Library\Think\Db\Driver\Sqlite.class.php 第 45 行.
NOTIC: [8] Undefined index: default D:\1\v1073125\wwwroot\ThinkPHP\Library\Think\Db\Driver\Sqlite.class.php 第 46 行.
NOTIC: [8] Undefined index: dey D:\1\v1073125\wwwroot\ThinkPHP\Library\Think\Db\Driver\Sqlite.class.php 第 47 行.
NOTIC: [8] Undefined index: extra D:\1\v1073125\wwwroot\ThinkPHP\Library\Think\Db\Driver\Sqlite.class.php 第 48 行.
NOTIC: [8] Undefined index: null D:\1\v1073125\wwwroot\ThinkPHP\Library\Think\Db\Driver\Sqlite.class.php 第 45 行.
NOTIC: [8] Undefined index: default D:\1\v1073125\wwwroot\ThinkPHP\Library\Think\Db\Driver\Sqlite.class.php 第 46 行.
NOTIC: [8] Undefined index: dey D:\1\v1073125\wwwroot\ThinkPHP\Library\Think\Db\Driver\Sqlite.class.php 第 47 行.
NOTIC: [8] Undefined index: extra D:\1\v1073125\wwwroot\ThinkPHP\Library\Think\Db\Driver\Sqlite.class.php 第 48 行.
SQL: SELECT * FROM db_showcate ORDER BY orderid desc  [ RunTime:0.0000s ]
INFO: [ view_parse ] --START--
INFO: [ template_filter ] --START--
INFO: Run Behavior\ContentReplaceBehavior [ RunTime:0.000976s ]
INFO: [ template_filter ] --END-- [ RunTime:0.000976s ]
INFO: Run Behavior\ParseTemplateBehavior [ RunTime:0.023437s ]
INFO: [ view_parse ] --END-- [ RunTime:0.023437s ]
INFO: [ view_filter ] --START--
INFO: Run Behavior\WriteHtmlCacheBehavior [ RunTime:0.000000s ]
INFO: [ view_filter ] --END-- [ RunTime:0.000000s ]
INFO: [ app_end ] --START--
INFO: Run Behavior\ShowPageTraceBehavior [ RunTime:0.000976s ]
INFO: [ app_end ] --END-- [ RunTime:0.000976s ]

[ 2019-03-02T19:55:33+08:00 ] 220.175.54.195 /Admin/Show/In.html
INFO: [ app_init ] --START--
INFO: Run Behavior\BuildLiteBehavior [ RunTime:0.000000s ]
INFO: [ app_init ] --END-- [ RunTime:0.000000s ]
INFO: [ app_begin ] --START--
INFO: Run Behavior\ReadHtmlCacheBehavior [ RunTime:0.000000s ]
INFO: [ app_begin ] --END-- [ RunTime:0.000000s ]
SQL: PRAGMA table_info( db_showin ) [ RunTime:0.0010s ]
NOTIC: [8] Undefined index: null D:\1\v1073125\wwwroot\ThinkPHP\Library\Think\Db\Driver\Sqlite.class.php 第 45 行.
NOTIC: [8] Undefined index: default D:\1\v1073125\wwwroot\ThinkPHP\Library\Think\Db\Driver\Sqlite.class.php 第 46 行.
NOTIC: [8] Undefined index: dey D:\1\v1073125\wwwroot\ThinkPHP\Library\Think\Db\Driver\Sqlite.class.php 第 47 行.
NOTIC: [8] Undefined index: extra D:\1\v1073125\wwwroot\ThinkPHP\Library\Think\Db\Driver\Sqlite.class.php 第 48 行.
NOTIC: [8] Undefined index: null D:\1\v1073125\wwwroot\ThinkPHP\Library\Think\Db\Driver\Sqlite.class.php 第 45 行.
NOTIC: [8] Undefined index: default D:\1\v1073125\wwwroot\ThinkPHP\Library\Think\Db\Driver\Sqlite.class.php 第 46 行.
NOTIC: [8] Undefined index: dey D:\1\v1073125\wwwroot\ThinkPHP\Library\Think\Db\Driver\Sqlite.class.php 第 47 行.
NOTIC: [8] Undefined index: extra D:\1\v1073125\wwwroot\ThinkPHP\Library\Think\Db\Driver\Sqlite.class.php 第 48 行.
NOTIC: [8] Undefined index: null D:\1\v1073125\wwwroot\ThinkPHP\Library\Think\Db\Driver\Sqlite.class.php 第 45 行.
NOTIC: [8] Undefined index: default D:\1\v1073125\wwwroot\ThinkPHP\Library\Think\Db\Driver\Sqlite.class.php 第 46 行.
NOTIC: [8] Undefined index: dey D:\1\v1073125\wwwroot\ThinkPHP\Library\Think\Db\Driver\Sqlite.class.php 第 47 行.
NOTIC: [8] Undefined index: extra D:\1\v1073125\wwwroot\ThinkPHP\Library\Think\Db\Driver\Sqlite.class.php 第 48 行.
NOTIC: [8] Undefined index: null D:\1\v1073125\wwwroot\ThinkPHP\Library\Think\Db\Driver\Sqlite.class.php 第 45 行.
NOTIC: [8] Undefined index: default D:\1\v1073125\wwwroot\ThinkPHP\Library\Think\Db\Driver\Sqlite.class.php 第 46 行.
NOTIC: [8] Undefined index: dey D:\1\v1073125\wwwroot\ThinkPHP\Library\Think\Db\Driver\Sqlite.class.php 第 47 行.
NOTIC: [8] Undefined index: extra D:\1\v1073125\wwwroot\ThinkPHP\Library\Think\Db\Driver\Sqlite.class.php 第 48 行.
SQL: SELECT COUNT(*) AS tp_count FROM db_showin LIMIT 1   [ RunTime:0.0000s ]
SQL: PRAGMA table_info( db_showcate ) [ RunTime:0.0000s ]
NOTIC: [8] Undefined index: null D:\1\v1073125\wwwroot\ThinkPHP\Library\Think\Db\Driver\Sqlite.class.php 第 45 行.
NOTIC: [8] Undefined index: default D:\1\v1073125\wwwroot\ThinkPHP\Library\Think\Db\Driver\Sqlite.class.php 第 46 行.
NOTIC: [8] Undefined index: dey D:\1\v1073125\wwwroot\ThinkPHP\Library\Think\Db\Driver\Sqlite.class.php 第 47 行.
NOTIC: [8] Undefined index: extra D:\1\v1073125\wwwroot\ThinkPHP\Library\Think\Db\Driver\Sqlite.class.php 第 48 行.
NOTIC: [8] Undefined index: null D:\1\v1073125\wwwroot\ThinkPHP\Library\Think\Db\Driver\Sqlite.class.php 第 45 行.
NOTIC: [8] Undefined index: default D:\1\v1073125\wwwroot\ThinkPHP\Library\Think\Db\Driver\Sqlite.class.php 第 46 行.
NOTIC: [8] Undefined index: dey D:\1\v1073125\wwwroot\ThinkPHP\Library\Think\Db\Driver\Sqlite.class.php 第 47 行.
NOTIC: [8] Undefined index: extra D:\1\v1073125\wwwroot\ThinkPHP\Library\Think\Db\Driver\Sqlite.class.php 第 48 行.
NOTIC: [8] Undefined index: null D:\1\v1073125\wwwroot\ThinkPHP\Library\Think\Db\Driver\Sqlite.class.php 第 45 行.
NOTIC: [8] Undefined index: default D:\1\v1073125\wwwroot\ThinkPHP\Library\Think\Db\Driver\Sqlite.class.php 第 46 行.
NOTIC: [8] Undefined index: dey D:\1\v1073125\wwwroot\ThinkPHP\Library\Think\Db\Driver\Sqlite.class.php 第 47 行.
NOTIC: [8] Undefined index: extra D:\1\v1073125\wwwroot\ThinkPHP\Library\Think\Db\Driver\Sqlite.class.php 第 48 行.
NOTIC: [8] Undefined index: null D:\1\v1073125\wwwroot\ThinkPHP\Library\Think\Db\Driver\Sqlite.class.php 第 45 行.
NOTIC: [8] Undefined index: default D:\1\v1073125\wwwroot\ThinkPHP\Library\Think\Db\Driver\Sqlite.class.php 第 46 行.
NOTIC: [8] Undefined index: dey D:\1\v1073125\wwwroot\ThinkPHP\Library\Think\Db\Driver\Sqlite.class.php 第 47 行.
NOTIC: [8] Undefined index: extra D:\1\v1073125\wwwroot\ThinkPHP\Library\Think\Db\Driver\Sqlite.class.php 第 48 行.
NOTIC: [8] Undefined index: null D:\1\v1073125\wwwroot\ThinkPHP\Library\Think\Db\Driver\Sqlite.class.php 第 45 行.
NOTIC: [8] Undefined index: default D:\1\v1073125\wwwroot\ThinkPHP\Library\Think\Db\Driver\Sqlite.class.php 第 46 行.
NOTIC: [8] Undefined index: dey D:\1\v1073125\wwwroot\ThinkPHP\Library\Think\Db\Driver\Sqlite.class.php 第 47 行.
NOTIC: [8] Undefined index: extra D:\1\v1073125\wwwroot\ThinkPHP\Library\Think\Db\Driver\Sqlite.class.php 第 48 行.
NOTIC: [8] Undefined index: null D:\1\v1073125\wwwroot\ThinkPHP\Library\Think\Db\Driver\Sqlite.class.php 第 45 行.
NOTIC: [8] Undefined index: default D:\1\v1073125\wwwroot\ThinkPHP\Library\Think\Db\Driver\Sqlite.class.php 第 46 行.
NOTIC: [8] Undefined index: dey D:\1\v1073125\wwwroot\ThinkPHP\Library\Think\Db\Driver\Sqlite.class.php 第 47 行.
NOTIC: [8] Undefined index: extra D:\1\v1073125\wwwroot\ThinkPHP\Library\Think\Db\Driver\Sqlite.class.php 第 48 行.
NOTIC: [8] Undefined index: null D:\1\v1073125\wwwroot\ThinkPHP\Library\Think\Db\Driver\Sqlite.class.php 第 45 行.
NOTIC: [8] Undefined index: default D:\1\v1073125\wwwroot\ThinkPHP\Library\Think\Db\Driver\Sqlite.class.php 第 46 行.
NOTIC: [8] Undefined index: dey D:\1\v1073125\wwwroot\ThinkPHP\Library\Think\Db\Driver\Sqlite.class.php 第 47 行.
NOTIC: [8] Undefined index: extra D:\1\v1073125\wwwroot\ThinkPHP\Library\Think\Db\Driver\Sqlite.class.php 第 48 行.
SQL: SELECT * FROM db_showcate  [ RunTime:0.0000s ]
NOTIC: [8] Undefined variable: ccate D:\1\v1073125\wwwroot\Application\Admin\Controller\ShowController.class.php 第 117 行.
SQL: SELECT A.id as id,A.img,A.orderid,B.name FROM db_showin A left join db_ShowCate B on B.id=A.category  ORDER BY A.orderid desc LIMIT 15 OFFSET 0   [ RunTime:0.0000s ]
INFO: [ view_parse ] --START--
INFO: [ template_filter ] --START--
INFO: Run Behavior\ContentReplaceBehavior [ RunTime:0.000000s ]
INFO: [ template_filter ] --END-- [ RunTime:0.000000s ]
INFO: Run Behavior\ParseTemplateBehavior [ RunTime:0.014649s ]
INFO: [ view_parse ] --END-- [ RunTime:0.014649s ]
INFO: [ view_filter ] --START--
INFO: Run Behavior\WriteHtmlCacheBehavior [ RunTime:0.000000s ]
INFO: [ view_filter ] --END-- [ RunTime:0.000000s ]
INFO: [ app_end ] --START--
INFO: Run Behavior\ShowPageTraceBehavior [ RunTime:0.000000s ]
INFO: [ app_end ] --END-- [ RunTime:0.000000s ]

[ 2019-03-02T19:55:38+08:00 ] 220.175.54.195 /Admin/Show/InEdit/id/19.html
INFO: [ app_init ] --START--
INFO: Run Behavior\BuildLiteBehavior [ RunTime:0.000000s ]
INFO: [ app_init ] --END-- [ RunTime:0.000000s ]
INFO: [ app_begin ] --START--
INFO: Run Behavior\ReadHtmlCacheBehavior [ RunTime:0.000000s ]
INFO: [ app_begin ] --END-- [ RunTime:0.000000s ]
SQL: PRAGMA table_info( db_showin ) [ RunTime:0.0010s ]
NOTIC: [8] Undefined index: null D:\1\v1073125\wwwroot\ThinkPHP\Library\Think\Db\Driver\Sqlite.class.php 第 45 行.
NOTIC: [8] Undefined index: default D:\1\v1073125\wwwroot\ThinkPHP\Library\Think\Db\Driver\Sqlite.class.php 第 46 行.
NOTIC: [8] Undefined index: dey D:\1\v1073125\wwwroot\ThinkPHP\Library\Think\Db\Driver\Sqlite.class.php 第 47 行.
NOTIC: [8] Undefined index: extra D:\1\v1073125\wwwroot\ThinkPHP\Library\Think\Db\Driver\Sqlite.class.php 第 48 行.
NOTIC: [8] Undefined index: null D:\1\v1073125\wwwroot\ThinkPHP\Library\Think\Db\Driver\Sqlite.class.php 第 45 行.
NOTIC: [8] Undefined index: default D:\1\v1073125\wwwroot\ThinkPHP\Library\Think\Db\Driver\Sqlite.class.php 第 46 行.
NOTIC: [8] Undefined index: dey D:\1\v1073125\wwwroot\ThinkPHP\Library\Think\Db\Driver\Sqlite.class.php 第 47 行.
NOTIC: [8] Undefined index: extra D:\1\v1073125\wwwroot\ThinkPHP\Library\Think\Db\Driver\Sqlite.class.php 第 48 行.
NOTIC: [8] Undefined index: null D:\1\v1073125\wwwroot\ThinkPHP\Library\Think\Db\Driver\Sqlite.class.php 第 45 行.
NOTIC: [8] Undefined index: default D:\1\v1073125\wwwroot\ThinkPHP\Library\Think\Db\Driver\Sqlite.class.php 第 46 行.
NOTIC: [8] Undefined index: dey D:\1\v1073125\wwwroot\ThinkPHP\Library\Think\Db\Driver\Sqlite.class.php 第 47 行.
NOTIC: [8] Undefined index: extra D:\1\v1073125\wwwroot\ThinkPHP\Library\Think\Db\Driver\Sqlite.class.php 第 48 行.
NOTIC: [8] Undefined index: null D:\1\v1073125\wwwroot\ThinkPHP\Library\Think\Db\Driver\Sqlite.class.php 第 45 行.
NOTIC: [8] Undefined index: default D:\1\v1073125\wwwroot\ThinkPHP\Library\Think\Db\Driver\Sqlite.class.php 第 46 行.
NOTIC: [8] Undefined index: dey D:\1\v1073125\wwwroot\ThinkPHP\Library\Think\Db\Driver\Sqlite.class.php 第 47 行.
NOTIC: [8] Undefined index: extra D:\1\v1073125\wwwroot\ThinkPHP\Library\Think\Db\Driver\Sqlite.class.php 第 48 行.
SQL: SELECT * FROM db_showin WHERE id = 19 LIMIT 1   [ RunTime:0.0000s ]
SQL: PRAGMA table_info( db_showcate ) [ RunTime:0.0000s ]
NOTIC: [8] Undefined index: null D:\1\v1073125\wwwroot\ThinkPHP\Library\Think\Db\Driver\Sqlite.class.php 第 45 行.
NOTIC: [8] Undefined index: default D:\1\v1073125\wwwroot\ThinkPHP\Library\Think\Db\Driver\Sqlite.class.php 第 46 行.
NOTIC: [8] Undefined index: dey D:\1\v1073125\wwwroot\ThinkPHP\Library\Think\Db\Driver\Sqlite.class.php 第 47 行.
NOTIC: [8] Undefined index: extra D:\1\v1073125\wwwroot\ThinkPHP\Library\Think\Db\Driver\Sqlite.class.php 第 48 行.
NOTIC: [8] Undefined index: null D:\1\v1073125\wwwroot\ThinkPHP\Library\Think\Db\Driver\Sqlite.class.php 第 45 行.
NOTIC: [8] Undefined index: default D:\1\v1073125\wwwroot\ThinkPHP\Library\Think\Db\Driver\Sqlite.class.php 第 46 行.
NOTIC: [8] Undefined index: dey D:\1\v1073125\wwwroot\ThinkPHP\Library\Think\Db\Driver\Sqlite.class.php 第 47 行.
NOTIC: [8] Undefined index: extra D:\1\v1073125\wwwroot\ThinkPHP\Library\Think\Db\Driver\Sqlite.class.php 第 48 行.
NOTIC: [8] Undefined index: null D:\1\v1073125\wwwroot\ThinkPHP\Library\Think\Db\Driver\Sqlite.class.php 第 45 行.
NOTIC: [8] Undefined index: default D:\1\v1073125\wwwroot\ThinkPHP\Library\Think\Db\Driver\Sqlite.class.php 第 46 行.
NOTIC: [8] Undefined index: dey D:\1\v1073125\wwwroot\ThinkPHP\Library\Think\Db\Driver\Sqlite.class.php 第 47 行.
NOTIC: [8] Undefined index: extra D:\1\v1073125\wwwroot\ThinkPHP\Library\Think\Db\Driver\Sqlite.class.php 第 48 行.
NOTIC: [8] Undefined index: null D:\1\v1073125\wwwroot\ThinkPHP\Library\Think\Db\Driver\Sqlite.class.php 第 45 行.
NOTIC: [8] Undefined index: default D:\1\v1073125\wwwroot\ThinkPHP\Library\Think\Db\Driver\Sqlite.class.php 第 46 行.
NOTIC: [8] Undefined index: dey D:\1\v1073125\wwwroot\ThinkPHP\Library\Think\Db\Driver\Sqlite.class.php 第 47 行.
NOTIC: [8] Undefined index: extra D:\1\v1073125\wwwroot\ThinkPHP\Library\Think\Db\Driver\Sqlite.class.php 第 48 行.
NOTIC: [8] Undefined index: null D:\1\v1073125\wwwroot\ThinkPHP\Library\Think\Db\Driver\Sqlite.class.php 第 45 行.
NOTIC: [8] Undefined index: default D:\1\v1073125\wwwroot\ThinkPHP\Library\Think\Db\Driver\Sqlite.class.php 第 46 行.
NOTIC: [8] Undefined index: dey D:\1\v1073125\wwwroot\ThinkPHP\Library\Think\Db\Driver\Sqlite.class.php 第 47 行.
NOTIC: [8] Undefined index: extra D:\1\v1073125\wwwroot\ThinkPHP\Library\Think\Db\Driver\Sqlite.class.php 第 48 行.
NOTIC: [8] Undefined index: null D:\1\v1073125\wwwroot\ThinkPHP\Library\Think\Db\Driver\Sqlite.class.php 第 45 行.
NOTIC: [8] Undefined index: default D:\1\v1073125\wwwroot\ThinkPHP\Library\Think\Db\Driver\Sqlite.class.php 第 46 行.
NOTIC: [8] Undefined index: dey D:\1\v1073125\wwwroot\ThinkPHP\Library\Think\Db\Driver\Sqlite.class.php 第 47 行.
NOTIC: [8] Undefined index: extra D:\1\v1073125\wwwroot\ThinkPHP\Library\Think\Db\Driver\Sqlite.class.php 第 48 行.
NOTIC: [8] Undefined index: null D:\1\v1073125\wwwroot\ThinkPHP\Library\Think\Db\Driver\Sqlite.class.php 第 45 行.
NOTIC: [8] Undefined index: default D:\1\v1073125\wwwroot\ThinkPHP\Library\Think\Db\Driver\Sqlite.class.php 第 46 行.
NOTIC: [8] Undefined index: dey D:\1\v1073125\wwwroot\ThinkPHP\Library\Think\Db\Driver\Sqlite.class.php 第 47 行.
NOTIC: [8] Undefined index: extra D:\1\v1073125\wwwroot\ThinkPHP\Library\Think\Db\Driver\Sqlite.class.php 第 48 行.
SQL: SELECT * FROM db_showcate  [ RunTime:0.0000s ]
INFO: [ view_parse ] --START--
INFO: [ template_filter ] --START--
INFO: Run Behavior\ContentReplaceBehavior [ RunTime:0.000000s ]
INFO: [ template_filter ] --END-- [ RunTime:0.000000s ]
INFO: Run Behavior\ParseTemplateBehavior [ RunTime:0.012695s ]
INFO: [ view_parse ] --END-- [ RunTime:0.012695s ]
INFO: [ view_filter ] --START--
INFO: Run Behavior\WriteHtmlCacheBehavior [ RunTime:0.000000s ]
INFO: [ view_filter ] --END-- [ RunTime:0.000000s ]
INFO: [ app_end ] --START--
INFO: Run Behavior\ShowPageTraceBehavior [ RunTime:0.000976s ]
INFO: [ app_end ] --END-- [ RunTime:0.000976s ]

[ 2019-03-02T19:56:00+08:00 ] 220.175.54.195 /Admin/Backups/Index.html
INFO: [ app_init ] --START--
INFO: Run Behavior\BuildLiteBehavior [ RunTime:0.000000s ]
INFO: [ app_init ] --END-- [ RunTime:0.000976s ]
INFO: [ app_begin ] --START--
INFO: Run Behavior\ReadHtmlCacheBehavior [ RunTime:0.000000s ]
INFO: [ app_begin ] --END-- [ RunTime:0.000976s ]
INFO: [ view_parse ] --START--
INFO: [ template_filter ] --START--
INFO: Run Behavior\ContentReplaceBehavior [ RunTime:0.000976s ]
INFO: [ template_filter ] --END-- [ RunTime:0.000976s ]
INFO: Run Behavior\ParseTemplateBehavior [ RunTime:0.019531s ]
INFO: [ view_parse ] --END-- [ RunTime:0.019531s ]
INFO: [ view_filter ] --START--
INFO: Run Behavior\WriteHtmlCacheBehavior [ RunTime:0.000000s ]
INFO: [ view_filter ] --END-- [ RunTime:0.000000s ]
INFO: [ app_end ] --START--
INFO: Run Behavior\ShowPageTraceBehavior [ RunTime:0.000976s ]
INFO: [ app_end ] --END-- [ RunTime:0.000976s ]

[ 2019-03-02T19:57:06+08:00 ] 220.175.54.195 /Admin/Index/Layout.html
INFO: [ app_init ] --START--
INFO: Run Behavior\BuildLiteBehavior [ RunTime:0.000000s ]
INFO: [ app_init ] --END-- [ RunTime:0.000000s ]
INFO: [ app_begin ] --START--
INFO: Run Behavior\ReadHtmlCacheBehavior [ RunTime:0.000000s ]
INFO: [ app_begin ] --END-- [ RunTime:0.000000s ]

[ 2019-03-02T19:57:08+08:00 ] 220.175.54.195 /Admin/Backups/Index.html
INFO: [ app_init ] --START--
INFO: Run Behavior\BuildLiteBehavior [ RunTime:0.000000s ]
INFO: [ app_init ] --END-- [ RunTime:0.000000s ]
INFO: [ app_begin ] --START--
INFO: Run Behavior\ReadHtmlCacheBehavior [ RunTime:0.000000s ]
INFO: [ app_begin ] --END-- [ RunTime:0.000000s ]

[ 2019-03-02T19:57:08+08:00 ] 220.175.54.195 /Admin/Login/Index
INFO: [ app_init ] --START--
INFO: Run Behavior\BuildLiteBehavior [ RunTime:0.000000s ]
INFO: [ app_init ] --END-- [ RunTime:0.000000s ]
INFO: [ app_begin ] --START--
INFO: Run Behavior\ReadHtmlCacheBehavior [ RunTime:0.000000s ]
INFO: [ app_begin ] --END-- [ RunTime:0.000000s ]
INFO: [ view_parse ] --START--
INFO: [ template_filter ] --START--
INFO: Run Behavior\ContentReplaceBehavior [ RunTime:0.000000s ]
INFO: [ template_filter ] --END-- [ RunTime:0.000000s ]
INFO: Run Behavior\ParseTemplateBehavior [ RunTime:0.006836s ]
INFO: [ view_parse ] --END-- [ RunTime:0.006836s ]
INFO: [ view_filter ] --START--
INFO: Run Behavior\WriteHtmlCacheBehavior [ RunTime:0.000976s ]
INFO: [ view_filter ] --END-- [ RunTime:0.000976s ]
INFO: [ app_end ] --START--
INFO: Run Behavior\ShowPageTraceBehavior [ RunTime:0.000000s ]
INFO: [ app_end ] --END-- [ RunTime:0.000000s ]

[ 2019-03-02T19:57:08+08:00 ] 220.175.54.195 /Admin/Login/Verify.html
INFO: [ app_init ] --START--
INFO: Run Behavior\BuildLiteBehavior [ RunTime:0.000000s ]
INFO: [ app_init ] --END-- [ RunTime:0.000977s ]
INFO: [ app_begin ] --START--
INFO: Run Behavior\ReadHtmlCacheBehavior [ RunTime:0.000977s ]
INFO: [ app_begin ] --END-- [ RunTime:0.000977s ]
INFO: [ app_end ] --START--
INFO: Run Behavior\ShowPageTraceBehavior [ RunTime:0.000976s ]
INFO: [ app_end ] --END-- [ RunTime:0.000976s ]

[ 2019-03-02T19:57:24+08:00 ] 220.175.54.195 /Admin/Login/Index.html
INFO: [ app_init ] --START--
INFO: Run Behavior\BuildLiteBehavior [ RunTime:0.000976s ]
INFO: [ app_init ] --END-- [ RunTime:0.000976s ]
INFO: [ app_begin ] --START--
INFO: Run Behavior\ReadHtmlCacheBehavior [ RunTime:0.000976s ]
INFO: [ app_begin ] --END-- [ RunTime:0.000976s ]
SQL: PRAGMA table_info( db_admin ) [ RunTime:0.0020s ]
NOTIC: [8] Undefined index: null D:\1\v1073125\wwwroot\ThinkPHP\Library\Think\Db\Driver\Sqlite.class.php 第 45 行.
NOTIC: [8] Undefined index: default D:\1\v1073125\wwwroot\ThinkPHP\Library\Think\Db\Driver\Sqlite.class.php 第 46 行.
NOTIC: [8] Undefined index: dey D:\1\v1073125\wwwroot\ThinkPHP\Library\Think\Db\Driver\Sqlite.class.php 第 47 行.
NOTIC: [8] Undefined index: extra D:\1\v1073125\wwwroot\ThinkPHP\Library\Think\Db\Driver\Sqlite.class.php 第 48 行.
NOTIC: [8] Undefined index: null D:\1\v1073125\wwwroot\ThinkPHP\Library\Think\Db\Driver\Sqlite.class.php 第 45 行.
NOTIC: [8] Undefined index: default D:\1\v1073125\wwwroot\ThinkPHP\Library\Think\Db\Driver\Sqlite.class.php 第 46 行.
NOTIC: [8] Undefined index: dey D:\1\v1073125\wwwroot\ThinkPHP\Library\Think\Db\Driver\Sqlite.class.php 第 47 行.
NOTIC: [8] Undefined index: extra D:\1\v1073125\wwwroot\ThinkPHP\Library\Think\Db\Driver\Sqlite.class.php 第 48 行.
NOTIC: [8] Undefined index: null D:\1\v1073125\wwwroot\ThinkPHP\Library\Think\Db\Driver\Sqlite.class.php 第 45 行.
NOTIC: [8] Undefined index: default D:\1\v1073125\wwwroot\ThinkPHP\Library\Think\Db\Driver\Sqlite.class.php 第 46 行.
NOTIC: [8] Undefined index: dey D:\1\v1073125\wwwroot\ThinkPHP\Library\Think\Db\Driver\Sqlite.class.php 第 47 行.
NOTIC: [8] Undefined index: extra D:\1\v1073125\wwwroot\ThinkPHP\Library\Think\Db\Driver\Sqlite.class.php 第 48 行.
NOTIC: [8] Undefined index: null D:\1\v1073125\wwwroot\ThinkPHP\Library\Think\Db\Driver\Sqlite.class.php 第 45 行.
NOTIC: [8] Undefined index: default D:\1\v1073125\wwwroot\ThinkPHP\Library\Think\Db\Driver\Sqlite.class.php 第 46 行.
NOTIC: [8] Undefined index: dey D:\1\v1073125\wwwroot\ThinkPHP\Library\Think\Db\Driver\Sqlite.class.php 第 47 行.
NOTIC: [8] Undefined index: extra D:\1\v1073125\wwwroot\ThinkPHP\Library\Think\Db\Driver\Sqlite.class.php 第 48 行.
NOTIC: [8] Undefined index: null D:\1\v1073125\wwwroot\ThinkPHP\Library\Think\Db\Driver\Sqlite.class.php 第 45 行.
NOTIC: [8] Undefined index: default D:\1\v1073125\wwwroot\ThinkPHP\Library\Think\Db\Driver\Sqlite.class.php 第 46 行.
NOTIC: [8] Undefined index: dey D:\1\v1073125\wwwroot\ThinkPHP\Library\Think\Db\Driver\Sqlite.class.php 第 47 行.
NOTIC: [8] Undefined index: extra D:\1\v1073125\wwwroot\ThinkPHP\Library\Think\Db\Driver\Sqlite.class.php 第 48 行.
NOTIC: [8] Undefined index: null D:\1\v1073125\wwwroot\ThinkPHP\Library\Think\Db\Driver\Sqlite.class.php 第 45 行.
NOTIC: [8] Undefined index: default D:\1\v1073125\wwwroot\ThinkPHP\Library\Think\Db\Driver\Sqlite.class.php 第 46 行.
NOTIC: [8] Undefined index: dey D:\1\v1073125\wwwroot\ThinkPHP\Library\Think\Db\Driver\Sqlite.class.php 第 47 行.
NOTIC: [8] Undefined index: extra D:\1\v1073125\wwwroot\ThinkPHP\Library\Think\Db\Driver\Sqlite.class.php 第 48 行.
NOTIC: [8] Undefined index: null D:\1\v1073125\wwwroot\ThinkPHP\Library\Think\Db\Driver\Sqlite.class.php 第 45 行.
NOTIC: [8] Undefined index: default D:\1\v1073125\wwwroot\ThinkPHP\Library\Think\Db\Driver\Sqlite.class.php 第 46 行.
NOTIC: [8] Undefined index: dey D:\1\v1073125\wwwroot\ThinkPHP\Library\Think\Db\Driver\Sqlite.class.php 第 47 行.
NOTIC: [8] Undefined index: extra D:\1\v1073125\wwwroot\ThinkPHP\Library\Think\Db\Driver\Sqlite.class.php 第 48 行.
NOTIC: [8] Undefined index: null D:\1\v1073125\wwwroot\ThinkPHP\Library\Think\Db\Driver\Sqlite.class.php 第 45 行.
NOTIC: [8] Undefined index: default D:\1\v1073125\wwwroot\ThinkPHP\Library\Think\Db\Driver\Sqlite.class.php 第 46 行.
NOTIC: [8] Undefined index: dey D:\1\v1073125\wwwroot\ThinkPHP\Library\Think\Db\Driver\Sqlite.class.php 第 47 行.
NOTIC: [8] Undefined index: extra D:\1\v1073125\wwwroot\ThinkPHP\Library\Think\Db\Driver\Sqlite.class.php 第 48 行.
NOTIC: [8] Undefined index: null D:\1\v1073125\wwwroot\ThinkPHP\Library\Think\Db\Driver\Sqlite.class.php 第 45 行.
NOTIC: [8] Undefined index: default D:\1\v1073125\wwwroot\ThinkPHP\Library\Think\Db\Driver\Sqlite.class.php 第 46 行.
NOTIC: [8] Undefined index: dey D:\1\v1073125\wwwroot\ThinkPHP\Library\Think\Db\Driver\Sqlite.class.php 第 47 行.
NOTIC: [8] Undefined index: extra D:\1\v1073125\wwwroot\ThinkPHP\Library\Think\Db\Driver\Sqlite.class.php 第 48 行.
NOTIC: [8] Undefined index: null D:\1\v1073125\wwwroot\ThinkPHP\Library\Think\Db\Driver\Sqlite.class.php 第 45 行.
NOTIC: [8] Undefined index: default D:\1\v1073125\wwwroot\ThinkPHP\Library\Think\Db\Driver\Sqlite.class.php 第 46 行.
NOTIC: [8] Undefined index: dey D:\1\v1073125\wwwroot\ThinkPHP\Library\Think\Db\Driver\Sqlite.class.php 第 47 行.
NOTIC: [8] Undefined index: extra D:\1\v1073125\wwwroot\ThinkPHP\Library\Think\Db\Driver\Sqlite.class.php 第 48 行.
NOTIC: [8] Undefined index: null D:\1\v1073125\wwwroot\ThinkPHP\Library\Think\Db\Driver\Sqlite.class.php 第 45 行.
NOTIC: [8] Undefined index: default D:\1\v1073125\wwwroot\ThinkPHP\Library\Think\Db\Driver\Sqlite.class.php 第 46 行.
NOTIC: [8] Undefined index: dey D:\1\v1073125\wwwroot\ThinkPHP\Library\Think\Db\Driver\Sqlite.class.php 第 47 行.
NOTIC: [8] Undefined index: extra D:\1\v1073125\wwwroot\ThinkPHP\Library\Think\Db\Driver\Sqlite.class.php 第 48 行.
NOTIC: [8] Undefined index: null D:\1\v1073125\wwwroot\ThinkPHP\Library\Think\Db\Driver\Sqlite.class.php 第 45 行.
NOTIC: [8] Undefined index: default D:\1\v1073125\wwwroot\ThinkPHP\Library\Think\Db\Driver\Sqlite.class.php 第 46 行.
NOTIC: [8] Undefined index: dey D:\1\v1073125\wwwroot\ThinkPHP\Library\Think\Db\Driver\Sqlite.class.php 第 47 行.
NOTIC: [8] Undefined index: extra D:\1\v1073125\wwwroot\ThinkPHP\Library\Think\Db\Driver\Sqlite.class.php 第 48 行.
NOTIC: [8] Undefined index: validate D:\1\v1073125\wwwroot\ThinkPHP\Library\Think\Model.class.php 第 1185 行.
NOTIC: [8] Undefined index: auto D:\1\v1073125\wwwroot\ThinkPHP\Library\Think\Model.class.php 第 1128 行.
SQL: SELECT * FROM db_admin WHERE loginname = 'Sadmin' AND password = '21232f297a57a5a743894a0e4a801fc3' LIMIT 1   [ RunTime:0.0010s ]
SQL: UPDATE db_admin SET loginnum='64',lasttime='2019-03-02 19:57:24',lastip='220.175.54.195',lastarea='江西省南昌市',tokencode='U2FkbWluLDE1NTE1Mjc4NDQ=',tokendeadline='1551535044' WHERE id = '7fececc8934b29bafa1aa86d7f77c2c4' [ RunTime:0.0078s ]
NOTIC: [8] Undefined index: tokenCode D:\1\v1073125\wwwroot\Application\Admin\Common\function.php 第 120 行.

[ 2019-03-02T19:57:24+08:00 ] 220.175.54.195 /Admin/Index/Index.html
INFO: [ app_init ] --START--
INFO: Run Behavior\BuildLiteBehavior [ RunTime:0.000000s ]
INFO: [ app_init ] --END-- [ RunTime:0.000000s ]
INFO: [ app_begin ] --START--
INFO: Run Behavior\ReadHtmlCacheBehavior [ RunTime:0.000976s ]
INFO: [ app_begin ] --END-- [ RunTime:0.000976s ]
INFO: [ view_parse ] --START--
INFO: [ template_filter ] --START--
INFO: Run Behavior\ContentReplaceBehavior [ RunTime:0.000000s ]
INFO: [ template_filter ] --END-- [ RunTime:0.000000s ]
INFO: Run Behavior\ParseTemplateBehavior [ RunTime:0.011719s ]
INFO: [ view_parse ] --END-- [ RunTime:0.011719s ]
INFO: [ view_filter ] --START--
INFO: Run Behavior\WriteHtmlCacheBehavior [ RunTime:0.000000s ]
INFO: [ view_filter ] --END-- [ RunTime:0.000000s ]
INFO: [ app_end ] --START--
INFO: Run Behavior\ShowPageTraceBehavior [ RunTime:0.000977s ]
INFO: [ app_end ] --END-- [ RunTime:0.000977s ]

[ 2019-03-02T19:57:40+08:00 ] 220.175.54.195 /Admin/Server/Index.html
INFO: [ app_init ] --START--
INFO: Run Behavior\BuildLiteBehavior [ RunTime:0.000000s ]
INFO: [ app_init ] --END-- [ RunTime:0.000000s ]
INFO: [ app_begin ] --START--
INFO: Run Behavior\ReadHtmlCacheBehavior [ RunTime:0.000000s ]
INFO: [ app_begin ] --END-- [ RunTime:0.000000s ]
SQL: PRAGMA table_info( db_server ) [ RunTime:0.0010s ]
NOTIC: [8] Undefined index: null D:\1\v1073125\wwwroot\ThinkPHP\Library\Think\Db\Driver\Sqlite.class.php 第 45 行.
NOTIC: [8] Undefined index: default D:\1\v1073125\wwwroot\ThinkPHP\Library\Think\Db\Driver\Sqlite.class.php 第 46 行.
NOTIC: [8] Undefined index: dey D:\1\v1073125\wwwroot\ThinkPHP\Library\Think\Db\Driver\Sqlite.class.php 第 47 行.
NOTIC: [8] Undefined index: extra D:\1\v1073125\wwwroot\ThinkPHP\Library\Think\Db\Driver\Sqlite.class.php 第 48 行.
NOTIC: [8] Undefined index: null D:\1\v1073125\wwwroot\ThinkPHP\Library\Think\Db\Driver\Sqlite.class.php 第 45 行.
NOTIC: [8] Undefined index: default D:\1\v1073125\wwwroot\ThinkPHP\Library\Think\Db\Driver\Sqlite.class.php 第 46 行.
NOTIC: [8] Undefined index: dey D:\1\v1073125\wwwroot\ThinkPHP\Library\Think\Db\Driver\Sqlite.class.php 第 47 行.
NOTIC: [8] Undefined index: extra D:\1\v1073125\wwwroot\ThinkPHP\Library\Think\Db\Driver\Sqlite.class.php 第 48 行.
NOTIC: [8] Undefined index: null D:\1\v1073125\wwwroot\ThinkPHP\Library\Think\Db\Driver\Sqlite.class.php 第 45 行.
NOTIC: [8] Undefined index: default D:\1\v1073125\wwwroot\ThinkPHP\Library\Think\Db\Driver\Sqlite.class.php 第 46 行.
NOTIC: [8] Undefined index: dey D:\1\v1073125\wwwroot\ThinkPHP\Library\Think\Db\Driver\Sqlite.class.php 第 47 行.
NOTIC: [8] Undefined index: extra D:\1\v1073125\wwwroot\ThinkPHP\Library\Think\Db\Driver\Sqlite.class.php 第 48 行.
NOTIC: [8] Undefined index: null D:\1\v1073125\wwwroot\ThinkPHP\Library\Think\Db\Driver\Sqlite.class.php 第 45 行.
NOTIC: [8] Undefined index: default D:\1\v1073125\wwwroot\ThinkPHP\Library\Think\Db\Driver\Sqlite.class.php 第 46 行.
NOTIC: [8] Undefined index: dey D:\1\v1073125\wwwroot\ThinkPHP\Library\Think\Db\Driver\Sqlite.class.php 第 47 行.
NOTIC: [8] Undefined index: extra D:\1\v1073125\wwwroot\ThinkPHP\Library\Think\Db\Driver\Sqlite.class.php 第 48 行.
NOTIC: [8] Undefined index: null D:\1\v1073125\wwwroot\ThinkPHP\Library\Think\Db\Driver\Sqlite.class.php 第 45 行.
NOTIC: [8] Undefined index: default D:\1\v1073125\wwwroot\ThinkPHP\Library\Think\Db\Driver\Sqlite.class.php 第 46 行.
NOTIC: [8] Undefined index: dey D:\1\v1073125\wwwroot\ThinkPHP\Library\Think\Db\Driver\Sqlite.class.php 第 47 行.
NOTIC: [8] Undefined index: extra D:\1\v1073125\wwwroot\ThinkPHP\Library\Think\Db\Driver\Sqlite.class.php 第 48 行.
NOTIC: [8] Undefined index: null D:\1\v1073125\wwwroot\ThinkPHP\Library\Think\Db\Driver\Sqlite.class.php 第 45 行.
NOTIC: [8] Undefined index: default D:\1\v1073125\wwwroot\ThinkPHP\Library\Think\Db\Driver\Sqlite.class.php 第 46 行.
NOTIC: [8] Undefined index: dey D:\1\v1073125\wwwroot\ThinkPHP\Library\Think\Db\Driver\Sqlite.class.php 第 47 行.
NOTIC: [8] Undefined index: extra D:\1\v1073125\wwwroot\ThinkPHP\Library\Think\Db\Driver\Sqlite.class.php 第 48 行.
NOTIC: [8] Undefined index: null D:\1\v1073125\wwwroot\ThinkPHP\Library\Think\Db\Driver\Sqlite.class.php 第 45 行.
NOTIC: [8] Undefined index: default D:\1\v1073125\wwwroot\ThinkPHP\Library\Think\Db\Driver\Sqlite.class.php 第 46 行.
NOTIC: [8] Undefined index: dey D:\1\v1073125\wwwroot\ThinkPHP\Library\Think\Db\Driver\Sqlite.class.php 第 47 行.
NOTIC: [8] Undefined index: extra D:\1\v1073125\wwwroot\ThinkPHP\Library\Think\Db\Driver\Sqlite.class.php 第 48 行.
NOTIC: [8] Undefined index: null D:\1\v1073125\wwwroot\ThinkPHP\Library\Think\Db\Driver\Sqlite.class.php 第 45 行.
NOTIC: [8] Undefined index: default D:\1\v1073125\wwwroot\ThinkPHP\Library\Think\Db\Driver\Sqlite.class.php 第 46 行.
NOTIC: [8] Undefined index: dey D:\1\v1073125\wwwroot\ThinkPHP\Library\Think\Db\Driver\Sqlite.class.php 第 47 行.
NOTIC: [8] Undefined index: extra D:\1\v1073125\wwwroot\ThinkPHP\Library\Think\Db\Driver\Sqlite.class.php 第 48 行.
NOTIC: [8] Undefined index: null D:\1\v1073125\wwwroot\ThinkPHP\Library\Think\Db\Driver\Sqlite.class.php 第 45 行.
NOTIC: [8] Undefined index: default D:\1\v1073125\wwwroot\ThinkPHP\Library\Think\Db\Driver\Sqlite.class.php 第 46 行.
NOTIC: [8] Undefined index: dey D:\1\v1073125\wwwroot\ThinkPHP\Library\Think\Db\Driver\Sqlite.class.php 第 47 行.
NOTIC: [8] Undefined index: extra D:\1\v1073125\wwwroot\ThinkPHP\Library\Think\Db\Driver\Sqlite.class.php 第 48 行.
NOTIC: [8] Undefined index: null D:\1\v1073125\wwwroot\ThinkPHP\Library\Think\Db\Driver\Sqlite.class.php 第 45 行.
NOTIC: [8] Undefined index: default D:\1\v1073125\wwwroot\ThinkPHP\Library\Think\Db\Driver\Sqlite.class.php 第 46 行.
NOTIC: [8] Undefined index: dey D:\1\v1073125\wwwroot\ThinkPHP\Library\Think\Db\Driver\Sqlite.class.php 第 47 行.
NOTIC: [8] Undefined index: extra D:\1\v1073125\wwwroot\ThinkPHP\Library\Think\Db\Driver\Sqlite.class.php 第 48 行.
SQL: SELECT COUNT(*) AS tp_count FROM db_server LIMIT 1   [ RunTime:0.0000s ]
SQL: SELECT A.id as id,A.category,A.img,A.times,A.orderid,B.name FROM db_server A left join db_ServerCate B on B.id=A.category  ORDER BY A.orderid desc LIMIT 15 OFFSET 0   [ RunTime:0.0000s ]
INFO: [ view_parse ] --START--
INFO: [ template_filter ] --START--
INFO: Run Behavior\ContentReplaceBehavior [ RunTime:0.000000s ]
INFO: [ template_filter ] --END-- [ RunTime:0.000000s ]
INFO: Run Behavior\ParseTemplateBehavior [ RunTime:0.015625s ]
INFO: [ view_parse ] --END-- [ RunTime:0.015625s ]
INFO: [ view_filter ] --START--
INFO: Run Behavior\WriteHtmlCacheBehavior [ RunTime:0.000000s ]
INFO: [ view_filter ] --END-- [ RunTime:0.000000s ]
INFO: [ app_end ] --START--
INFO: Run Behavior\ShowPageTraceBehavior [ RunTime:0.000976s ]
INFO: [ app_end ] --END-- [ RunTime:0.000976s ]

[ 2019-03-02T19:59:27+08:00 ] 220.175.54.195 /Admin/Admin/Index.html
INFO: [ app_init ] --START--
INFO: Run Behavior\BuildLiteBehavior [ RunTime:0.000000s ]
INFO: [ app_init ] --END-- [ RunTime:0.000977s ]
INFO: [ app_begin ] --START--
INFO: Run Behavior\ReadHtmlCacheBehavior [ RunTime:0.000977s ]
INFO: [ app_begin ] --END-- [ RunTime:0.000977s ]
SQL: PRAGMA table_info( db_admin ) [ RunTime:0.0010s ]
NOTIC: [8] Undefined index: null D:\1\v1073125\wwwroot\ThinkPHP\Library\Think\Db\Driver\Sqlite.class.php 第 45 行.
NOTIC: [8] Undefined index: default D:\1\v1073125\wwwroot\ThinkPHP\Library\Think\Db\Driver\Sqlite.class.php 第 46 行.
NOTIC: [8] Undefined index: dey D:\1\v1073125\wwwroot\ThinkPHP\Library\Think\Db\Driver\Sqlite.class.php 第 47 行.
NOTIC: [8] Undefined index: extra D:\1\v1073125\wwwroot\ThinkPHP\Library\Think\Db\Driver\Sqlite.class.php 第 48 行.
NOTIC: [8] Undefined index: null D:\1\v1073125\wwwroot\ThinkPHP\Library\Think\Db\Driver\Sqlite.class.php 第 45 行.
NOTIC: [8] Undefined index: default D:\1\v1073125\wwwroot\ThinkPHP\Library\Think\Db\Driver\Sqlite.class.php 第 46 行.
NOTIC: [8] Undefined index: dey D:\1\v1073125\wwwroot\ThinkPHP\Library\Think\Db\Driver\Sqlite.class.php 第 47 行.
NOTIC: [8] Undefined index: extra D:\1\v1073125\wwwroot\ThinkPHP\Library\Think\Db\Driver\Sqlite.class.php 第 48 行.
NOTIC: [8] Undefined index: null D:\1\v1073125\wwwroot\ThinkPHP\Library\Think\Db\Driver\Sqlite.class.php 第 45 行.
NOTIC: [8] Undefined index: default D:\1\v1073125\wwwroot\ThinkPHP\Library\Think\Db\Driver\Sqlite.class.php 第 46 行.
NOTIC: [8] Undefined index: dey D:\1\v1073125\wwwroot\ThinkPHP\Library\Think\Db\Driver\Sqlite.class.php 第 47 行.
NOTIC: [8] Undefined index: extra D:\1\v1073125\wwwroot\ThinkPHP\Library\Think\Db\Driver\Sqlite.class.php 第 48 行.
NOTIC: [8] Undefined index: null D:\1\v1073125\wwwroot\ThinkPHP\Library\Think\Db\Driver\Sqlite.class.php 第 45 行.
NOTIC: [8] Undefined index: default D:\1\v1073125\wwwroot\ThinkPHP\Library\Think\Db\Driver\Sqlite.class.php 第 46 行.
NOTIC: [8] Undefined index: dey D:\1\v1073125\wwwroot\ThinkPHP\Library\Think\Db\Driver\Sqlite.class.php 第 47 行.
NOTIC: [8] Undefined index: extra D:\1\v1073125\wwwroot\ThinkPHP\Library\Think\Db\Driver\Sqlite.class.php 第 48 行.
NOTIC: [8] Undefined index: null D:\1\v1073125\wwwroot\ThinkPHP\Library\Think\Db\Driver\Sqlite.class.php 第 45 行.
NOTIC: [8] Undefined index: default D:\1\v1073125\wwwroot\ThinkPHP\Library\Think\Db\Driver\Sqlite.class.php 第 46 行.
NOTIC: [8] Undefined index: dey D:\1\v1073125\wwwroot\ThinkPHP\Library\Think\Db\Driver\Sqlite.class.php 第 47 行.
NOTIC: [8] Undefined index: extra D:\1\v1073125\wwwroot\ThinkPHP\Library\Think\Db\Driver\Sqlite.class.php 第 48 行.
NOTIC: [8] Undefined index: null D:\1\v1073125\wwwroot\ThinkPHP\Library\Think\Db\Driver\Sqlite.class.php 第 45 行.
NOTIC: [8] Undefined index: default D:\1\v1073125\wwwroot\ThinkPHP\Library\Think\Db\Driver\Sqlite.class.php 第 46 行.
NOTIC: [8] Undefined index: dey D:\1\v1073125\wwwroot\ThinkPHP\Library\Think\Db\Driver\Sqlite.class.php 第 47 行.
NOTIC: [8] Undefined index: extra D:\1\v1073125\wwwroot\ThinkPHP\Library\Think\Db\Driver\Sqlite.class.php 第 48 行.
NOTIC: [8] Undefined index: null D:\1\v1073125\wwwroot\ThinkPHP\Library\Think\Db\Driver\Sqlite.class.php 第 45 行.
NOTIC: [8] Undefined index: default D:\1\v1073125\wwwroot\ThinkPHP\Library\Think\Db\Driver\Sqlite.class.php 第 46 行.
NOTIC: [8] Undefined index: dey D:\1\v1073125\wwwroot\ThinkPHP\Library\Think\Db\Driver\Sqlite.class.php 第 47 行.
NOTIC: [8] Undefined index: extra D:\1\v1073125\wwwroot\ThinkPHP\Library\Think\Db\Driver\Sqlite.class.php 第 48 行.
NOTIC: [8] Undefined index: null D:\1\v1073125\wwwroot\ThinkPHP\Library\Think\Db\Driver\Sqlite.class.php 第 45 行.
NOTIC: [8] Undefined index: default D:\1\v1073125\wwwroot\ThinkPHP\Library\Think\Db\Driver\Sqlite.class.php 第 46 行.
NOTIC: [8] Undefined index: dey D:\1\v1073125\wwwroot\ThinkPHP\Library\Think\Db\Driver\Sqlite.class.php 第 47 行.
NOTIC: [8] Undefined index: extra D:\1\v1073125\wwwroot\ThinkPHP\Library\Think\Db\Driver\Sqlite.class.php 第 48 行.
NOTIC: [8] Undefined index: null D:\1\v1073125\wwwroot\ThinkPHP\Library\Think\Db\Driver\Sqlite.class.php 第 45 行.
NOTIC: [8] Undefined index: default D:\1\v1073125\wwwroot\ThinkPHP\Library\Think\Db\Driver\Sqlite.class.php 第 46 行.
NOTIC: [8] Undefined index: dey D:\1\v1073125\wwwroot\ThinkPHP\Library\Think\Db\Driver\Sqlite.class.php 第 47 行.
NOTIC: [8] Undefined index: extra D:\1\v1073125\wwwroot\ThinkPHP\Library\Think\Db\Driver\Sqlite.class.php 第 48 行.
NOTIC: [8] Undefined index: null D:\1\v1073125\wwwroot\ThinkPHP\Library\Think\Db\Driver\Sqlite.class.php 第 45 行.
NOTIC: [8] Undefined index: default D:\1\v1073125\wwwroot\ThinkPHP\Library\Think\Db\Driver\Sqlite.class.php 第 46 行.
NOTIC: [8] Undefined index: dey D:\1\v1073125\wwwroot\ThinkPHP\Library\Think\Db\Driver\Sqlite.class.php 第 47 行.
NOTIC: [8] Undefined index: extra D:\1\v1073125\wwwroot\ThinkPHP\Library\Think\Db\Driver\Sqlite.class.php 第 48 行.
NOTIC: [8] Undefined index: null D:\1\v1073125\wwwroot\ThinkPHP\Library\Think\Db\Driver\Sqlite.class.php 第 45 行.
NOTIC: [8] Undefined index: default D:\1\v1073125\wwwroot\ThinkPHP\Library\Think\Db\Driver\Sqlite.class.php 第 46 行.
NOTIC: [8] Undefined index: dey D:\1\v1073125\wwwroot\ThinkPHP\Library\Think\Db\Driver\Sqlite.class.php 第 47 行.
NOTIC: [8] Undefined index: extra D:\1\v1073125\wwwroot\ThinkPHP\Library\Think\Db\Driver\Sqlite.class.php 第 48 行.
NOTIC: [8] Undefined index: null D:\1\v1073125\wwwroot\ThinkPHP\Library\Think\Db\Driver\Sqlite.class.php 第 45 行.
NOTIC: [8] Undefined index: default D:\1\v1073125\wwwroot\ThinkPHP\Library\Think\Db\Driver\Sqlite.class.php 第 46 行.
NOTIC: [8] Undefined index: dey D:\1\v1073125\wwwroot\ThinkPHP\Library\Think\Db\Driver\Sqlite.class.php 第 47 行.
NOTIC: [8] Undefined index: extra D:\1\v1073125\wwwroot\ThinkPHP\Library\Think\Db\Driver\Sqlite.class.php 第 48 行.
SQL: SELECT COUNT(*) AS tp_count FROM db_admin LIMIT 1   [ RunTime:0.0000s ]
SQL: SELECT * FROM db_admin LIMIT 15 OFFSET 0   [ RunTime:0.0000s ]
INFO: [ view_parse ] --START--
INFO: [ template_filter ] --START--
INFO: Run Behavior\ContentReplaceBehavior [ RunTime:0.000000s ]
INFO: [ template_filter ] --END-- [ RunTime:0.000000s ]
INFO: Run Behavior\ParseTemplateBehavior [ RunTime:0.012695s ]
INFO: [ view_parse ] --END-- [ RunTime:0.013672s ]
INFO: [ view_filter ] --START--
INFO: Run Behavior\WriteHtmlCacheBehavior [ RunTime:0.000000s ]
INFO: [ view_filter ] --END-- [ RunTime:0.000000s ]
INFO: [ app_end ] --START--
INFO: Run Behavior\ShowPageTraceBehavior [ RunTime:0.000977s ]
INFO: [ app_end ] --END-- [ RunTime:0.000977s ]

[ 2019-03-02T19:59:30+08:00 ] 220.175.54.195 /Admin/Show/Index.html
INFO: [ app_init ] --START--
INFO: Run Behavior\BuildLiteBehavior [ RunTime:0.000000s ]
INFO: [ app_init ] --END-- [ RunTime:0.000977s ]
INFO: [ app_begin ] --START--
INFO: Run Behavior\ReadHtmlCacheBehavior [ RunTime:0.000977s ]
INFO: [ app_begin ] --END-- [ RunTime:0.000977s ]
SQL: PRAGMA table_info( db_show ) [ RunTime:0.0010s ]
NOTIC: [8] Undefined index: null D:\1\v1073125\wwwroot\ThinkPHP\Library\Think\Db\Driver\Sqlite.class.php 第 45 行.
NOTIC: [8] Undefined index: default D:\1\v1073125\wwwroot\ThinkPHP\Library\Think\Db\Driver\Sqlite.class.php 第 46 行.
NOTIC: [8] Undefined index: dey D:\1\v1073125\wwwroot\ThinkPHP\Library\Think\Db\Driver\Sqlite.class.php 第 47 行.
NOTIC: [8] Undefined index: extra D:\1\v1073125\wwwroot\ThinkPHP\Library\Think\Db\Driver\Sqlite.class.php 第 48 行.
NOTIC: [8] Undefined index: null D:\1\v1073125\wwwroot\ThinkPHP\Library\Think\Db\Driver\Sqlite.class.php 第 45 行.
NOTIC: [8] Undefined index: default D:\1\v1073125\wwwroot\ThinkPHP\Library\Think\Db\Driver\Sqlite.class.php 第 46 行.
NOTIC: [8] Undefined index: dey D:\1\v1073125\wwwroot\ThinkPHP\Library\Think\Db\Driver\Sqlite.class.php 第 47 行.
NOTIC: [8] Undefined index: extra D:\1\v1073125\wwwroot\ThinkPHP\Library\Think\Db\Driver\Sqlite.class.php 第 48 行.
NOTIC: [8] Undefined index: null D:\1\v1073125\wwwroot\ThinkPHP\Library\Think\Db\Driver\Sqlite.class.php 第 45 行.
NOTIC: [8] Undefined index: default D:\1\v1073125\wwwroot\ThinkPHP\Library\Think\Db\Driver\Sqlite.class.php 第 46 行.
NOTIC: [8] Undefined index: dey D:\1\v1073125\wwwroot\ThinkPHP\Library\Think\Db\Driver\Sqlite.class.php 第 47 行.
NOTIC: [8] Undefined index: extra D:\1\v1073125\wwwroot\ThinkPHP\Library\Think\Db\Driver\Sqlite.class.php 第 48 行.
NOTIC: [8] Undefined index: null D:\1\v1073125\wwwroot\ThinkPHP\Library\Think\Db\Driver\Sqlite.class.php 第 45 行.
NOTIC: [8] Undefined index: default D:\1\v1073125\wwwroot\ThinkPHP\Library\Think\Db\Driver\Sqlite.class.php 第 46 行.
NOTIC: [8] Undefined index: dey D:\1\v1073125\wwwroot\ThinkPHP\Library\Think\Db\Driver\Sqlite.class.php 第 47 行.
NOTIC: [8] Undefined index: extra D:\1\v1073125\wwwroot\ThinkPHP\Library\Think\Db\Driver\Sqlite.class.php 第 48 行.
NOTIC: [8] Undefined index: null D:\1\v1073125\wwwroot\ThinkPHP\Library\Think\Db\Driver\Sqlite.class.php 第 45 行.
NOTIC: [8] Undefined index: default D:\1\v1073125\wwwroot\ThinkPHP\Library\Think\Db\Driver\Sqlite.class.php 第 46 行.
NOTIC: [8] Undefined index: dey D:\1\v1073125\wwwroot\ThinkPHP\Library\Think\Db\Driver\Sqlite.class.php 第 47 行.
NOTIC: [8] Undefined index: extra D:\1\v1073125\wwwroot\ThinkPHP\Library\Think\Db\Driver\Sqlite.class.php 第 48 行.
NOTIC: [8] Undefined index: null D:\1\v1073125\wwwroot\ThinkPHP\Library\Think\Db\Driver\Sqlite.class.php 第 45 行.
NOTIC: [8] Undefined index: default D:\1\v1073125\wwwroot\ThinkPHP\Library\Think\Db\Driver\Sqlite.class.php 第 46 行.
NOTIC: [8] Undefined index: dey D:\1\v1073125\wwwroot\ThinkPHP\Library\Think\Db\Driver\Sqlite.class.php 第 47 行.
NOTIC: [8] Undefined index: extra D:\1\v1073125\wwwroot\ThinkPHP\Library\Think\Db\Driver\Sqlite.class.php 第 48 行.
NOTIC: [8] Undefined index: null D:\1\v1073125\wwwroot\ThinkPHP\Library\Think\Db\Driver\Sqlite.class.php 第 45 行.
NOTIC: [8] Undefined index: default D:\1\v1073125\wwwroot\ThinkPHP\Library\Think\Db\Driver\Sqlite.class.php 第 46 行.
NOTIC: [8] Undefined index: dey D:\1\v1073125\wwwroot\ThinkPHP\Library\Think\Db\Driver\Sqlite.class.php 第 47 行.
NOTIC: [8] Undefined index: extra D:\1\v1073125\wwwroot\ThinkPHP\Library\Think\Db\Driver\Sqlite.class.php 第 48 行.
NOTIC: [8] Undefined index: null D:\1\v1073125\wwwroot\ThinkPHP\Library\Think\Db\Driver\Sqlite.class.php 第 45 行.
NOTIC: [8] Undefined index: default D:\1\v1073125\wwwroot\ThinkPHP\Library\Think\Db\Driver\Sqlite.class.php 第 46 行.
NOTIC: [8] Undefined index: dey D:\1\v1073125\wwwroot\ThinkPHP\Library\Think\Db\Driver\Sqlite.class.php 第 47 行.
NOTIC: [8] Undefined index: extra D:\1\v1073125\wwwroot\ThinkPHP\Library\Think\Db\Driver\Sqlite.class.php 第 48 行.
NOTIC: [8] Undefined index: null D:\1\v1073125\wwwroot\ThinkPHP\Library\Think\Db\Driver\Sqlite.class.php 第 45 行.
NOTIC: [8] Undefined index: default D:\1\v1073125\wwwroot\ThinkPHP\Library\Think\Db\Driver\Sqlite.class.php 第 46 行.
NOTIC: [8] Undefined index: dey D:\1\v1073125\wwwroot\ThinkPHP\Library\Think\Db\Driver\Sqlite.class.php 第 47 行.
NOTIC: [8] Undefined index: extra D:\1\v1073125\wwwroot\ThinkPHP\Library\Think\Db\Driver\Sqlite.class.php 第 48 行.
NOTIC: [8] Undefined index: null D:\1\v1073125\wwwroot\ThinkPHP\Library\Think\Db\Driver\Sqlite.class.php 第 45 行.
NOTIC: [8] Undefined index: default D:\1\v1073125\wwwroot\ThinkPHP\Library\Think\Db\Driver\Sqlite.class.php 第 46 行.
NOTIC: [8] Undefined index: dey D:\1\v1073125\wwwroot\ThinkPHP\Library\Think\Db\Driver\Sqlite.class.php 第 47 行.
NOTIC: [8] Undefined index: extra D:\1\v1073125\wwwroot\ThinkPHP\Library\Think\Db\Driver\Sqlite.class.php 第 48 行.
SQL: SELECT COUNT(*) AS tp_count FROM db_show LIMIT 1   [ RunTime:0.0000s ]
SQL: PRAGMA table_info( db_showcate ) [ RunTime:0.0000s ]
NOTIC: [8] Undefined index: null D:\1\v1073125\wwwroot\ThinkPHP\Library\Think\Db\Driver\Sqlite.class.php 第 45 行.
NOTIC: [8] Undefined index: default D:\1\v1073125\wwwroot\ThinkPHP\Library\Think\Db\Driver\Sqlite.class.php 第 46 行.
NOTIC: [8] Undefined index: dey D:\1\v1073125\wwwroot\ThinkPHP\Library\Think\Db\Driver\Sqlite.class.php 第 47 行.
NOTIC: [8] Undefined index: extra D:\1\v1073125\wwwroot\ThinkPHP\Library\Think\Db\Driver\Sqlite.class.php 第 48 行.
NOTIC: [8] Undefined index: null D:\1\v1073125\wwwroot\ThinkPHP\Library\Think\Db\Driver\Sqlite.class.php 第 45 行.
NOTIC: [8] Undefined index: default D:\1\v1073125\wwwroot\ThinkPHP\Library\Think\Db\Driver\Sqlite.class.php 第 46 行.
NOTIC: [8] Undefined index: dey D:\1\v1073125\wwwroot\ThinkPHP\Library\Think\Db\Driver\Sqlite.class.php 第 47 行.
NOTIC: [8] Undefined index: extra D:\1\v1073125\wwwroot\ThinkPHP\Library\Think\Db\Driver\Sqlite.class.php 第 48 行.
NOTIC: [8] Undefined index: null D:\1\v1073125\wwwroot\ThinkPHP\Library\Think\Db\Driver\Sqlite.class.php 第 45 行.
NOTIC: [8] Undefined index: default D:\1\v1073125\wwwroot\ThinkPHP\Library\Think\Db\Driver\Sqlite.class.php 第 46 行.
NOTIC: [8] Undefined index: dey D:\1\v1073125\wwwroot\ThinkPHP\Library\Think\Db\Driver\Sqlite.class.php 第 47 行.
NOTIC: [8] Undefined index: extra D:\1\v1073125\wwwroot\ThinkPHP\Library\Think\Db\Driver\Sqlite.class.php 第 48 行.
NOTIC: [8] Undefined index: null D:\1\v1073125\wwwroot\ThinkPHP\Library\Think\Db\Driver\Sqlite.class.php 第 45 行.
NOTIC: [8] Undefined index: default D:\1\v1073125\wwwroot\ThinkPHP\Library\Think\Db\Driver\Sqlite.class.php 第 46 行.
NOTIC: [8] Undefined index: dey D:\1\v1073125\wwwroot\ThinkPHP\Library\Think\Db\Driver\Sqlite.class.php 第 47 行.
NOTIC: [8] Undefined index: extra D:\1\v1073125\wwwroot\ThinkPHP\Library\Think\Db\Driver\Sqlite.class.php 第 48 行.
NOTIC: [8] Undefined index: null D:\1\v1073125\wwwroot\ThinkPHP\Library\Think\Db\Driver\Sqlite.class.php 第 45 行.
NOTIC: [8] Undefined index: default D:\1\v1073125\wwwroot\ThinkPHP\Library\Think\Db\Driver\Sqlite.class.php 第 46 行.
NOTIC: [8] Undefined index: dey D:\1\v1073125\wwwroot\ThinkPHP\Library\Think\Db\Driver\Sqlite.class.php 第 47 行.
NOTIC: [8] Undefined index: extra D:\1\v1073125\wwwroot\ThinkPHP\Library\Think\Db\Driver\Sqlite.class.php 第 48 行.
NOTIC: [8] Undefined index: null D:\1\v1073125\wwwroot\ThinkPHP\Library\Think\Db\Driver\Sqlite.class.php 第 45 行.
NOTIC: [8] Undefined index: default D:\1\v1073125\wwwroot\ThinkPHP\Library\Think\Db\Driver\Sqlite.class.php 第 46 行.
NOTIC: [8] Undefined index: dey D:\1\v1073125\wwwroot\ThinkPHP\Library\Think\Db\Driver\Sqlite.class.php 第 47 行.
NOTIC: [8] Undefined index: extra D:\1\v1073125\wwwroot\ThinkPHP\Library\Think\Db\Driver\Sqlite.class.php 第 48 行.
NOTIC: [8] Undefined index: null D:\1\v1073125\wwwroot\ThinkPHP\Library\Think\Db\Driver\Sqlite.class.php 第 45 行.
NOTIC: [8] Undefined index: default D:\1\v1073125\wwwroot\ThinkPHP\Library\Think\Db\Driver\Sqlite.class.php 第 46 行.
NOTIC: [8] Undefined index: dey D:\1\v1073125\wwwroot\ThinkPHP\Library\Think\Db\Driver\Sqlite.class.php 第 47 行.
NOTIC: [8] Undefined index: extra D:\1\v1073125\wwwroot\ThinkPHP\Library\Think\Db\Driver\Sqlite.class.php 第 48 行.
SQL: SELECT * FROM db_showcate  [ RunTime:0.0000s ]
NOTIC: [8] Undefined variable: ccate D:\1\v1073125\wwwroot\Application\Admin\Controller\ShowController.class.php 第 27 行.
SQL: SELECT A.id as id,A.img,A.times,A.orderid,B.name FROM db_show A left join db_ShowCate B on B.id=A.category  ORDER BY A.orderid desc LIMIT 15 OFFSET 0   [ RunTime:0.0010s ]
INFO: [ view_parse ] --START--
INFO: [ template_filter ] --START--
INFO: Run Behavior\ContentReplaceBehavior [ RunTime:0.000000s ]
INFO: [ template_filter ] --END-- [ RunTime:0.000000s ]
INFO: Run Behavior\ParseTemplateBehavior [ RunTime:0.014649s ]
INFO: [ view_parse ] --END-- [ RunTime:0.014649s ]
INFO: [ view_filter ] --START--
INFO: Run Behavior\WriteHtmlCacheBehavior [ RunTime:0.000976s ]
INFO: [ view_filter ] --END-- [ RunTime:0.000976s ]
INFO: [ app_end ] --START--
INFO: Run Behavior\ShowPageTraceBehavior [ RunTime:0.000977s ]
INFO: [ app_end ] --END-- [ RunTime:0.000977s ]

[ 2019-03-02T19:59:43+08:00 ] 220.175.54.195 /Admin/Show/Edit/id/16.html
INFO: [ app_init ] --START--
INFO: Run Behavior\BuildLiteBehavior [ RunTime:0.000000s ]
INFO: [ app_init ] --END-- [ RunTime:0.000000s ]
INFO: [ app_begin ] --START--
INFO: Run Behavior\ReadHtmlCacheBehavior [ RunTime:0.000977s ]
INFO: [ app_begin ] --END-- [ RunTime:0.000977s ]
SQL: PRAGMA table_info( db_show ) [ RunTime:0.0010s ]
NOTIC: [8] Undefined index: null D:\1\v1073125\wwwroot\ThinkPHP\Library\Think\Db\Driver\Sqlite.class.php 第 45 行.
NOTIC: [8] Undefined index: default D:\1\v1073125\wwwroot\ThinkPHP\Library\Think\Db\Driver\Sqlite.class.php 第 46 行.
NOTIC: [8] Undefined index: dey D:\1\v1073125\wwwroot\ThinkPHP\Library\Think\Db\Driver\Sqlite.class.php 第 47 行.
NOTIC: [8] Undefined index: extra D:\1\v1073125\wwwroot\ThinkPHP\Library\Think\Db\Driver\Sqlite.class.php 第 48 行.
NOTIC: [8] Undefined index: null D:\1\v1073125\wwwroot\ThinkPHP\Library\Think\Db\Driver\Sqlite.class.php 第 45 行.
NOTIC: [8] Undefined index: default D:\1\v1073125\wwwroot\ThinkPHP\Library\Think\Db\Driver\Sqlite.class.php 第 46 行.
NOTIC: [8] Undefined index: dey D:\1\v1073125\wwwroot\ThinkPHP\Library\Think\Db\Driver\Sqlite.class.php 第 47 行.
NOTIC: [8] Undefined index: extra D:\1\v1073125\wwwroot\ThinkPHP\Library\Think\Db\Driver\Sqlite.class.php 第 48 行.
NOTIC: [8] Undefined index: null D:\1\v1073125\wwwroot\ThinkPHP\Library\Think\Db\Driver\Sqlite.class.php 第 45 行.
NOTIC: [8] Undefined index: default D:\1\v1073125\wwwroot\ThinkPHP\Library\Think\Db\Driver\Sqlite.class.php 第 46 行.
NOTIC: [8] Undefined index: dey D:\1\v1073125\wwwroot\ThinkPHP\Library\Think\Db\Driver\Sqlite.class.php 第 47 行.
NOTIC: [8] Undefined index: extra D:\1\v1073125\wwwroot\ThinkPHP\Library\Think\Db\Driver\Sqlite.class.php 第 48 行.
NOTIC: [8] Undefined index: null D:\1\v1073125\wwwroot\ThinkPHP\Library\Think\Db\Driver\Sqlite.class.php 第 45 行.
NOTIC: [8] Undefined index: default D:\1\v1073125\wwwroot\ThinkPHP\Library\Think\Db\Driver\Sqlite.class.php 第 46 行.
NOTIC: [8] Undefined index: dey D:\1\v1073125\wwwroot\ThinkPHP\Library\Think\Db\Driver\Sqlite.class.php 第 47 行.
NOTIC: [8] Undefined index: extra D:\1\v1073125\wwwroot\ThinkPHP\Library\Think\Db\Driver\Sqlite.class.php 第 48 行.
NOTIC: [8] Undefined index: null D:\1\v1073125\wwwroot\ThinkPHP\Library\Think\Db\Driver\Sqlite.class.php 第 45 行.
NOTIC: [8] Undefined index: default D:\1\v1073125\wwwroot\ThinkPHP\Library\Think\Db\Driver\Sqlite.class.php 第 46 行.
NOTIC: [8] Undefined index: dey D:\1\v1073125\wwwroot\ThinkPHP\Library\Think\Db\Driver\Sqlite.class.php 第 47 行.
NOTIC: [8] Undefined index: extra D:\1\v1073125\wwwroot\ThinkPHP\Library\Think\Db\Driver\Sqlite.class.php 第 48 行.
NOTIC: [8] Undefined index: null D:\1\v1073125\wwwroot\ThinkPHP\Library\Think\Db\Driver\Sqlite.class.php 第 45 行.
NOTIC: [8] Undefined index: default D:\1\v1073125\wwwroot\ThinkPHP\Library\Think\Db\Driver\Sqlite.class.php 第 46 行.
NOTIC: [8] Undefined index: dey D:\1\v1073125\wwwroot\ThinkPHP\Library\Think\Db\Driver\Sqlite.class.php 第 47 行.
NOTIC: [8] Undefined index: extra D:\1\v1073125\wwwroot\ThinkPHP\Library\Think\Db\Driver\Sqlite.class.php 第 48 行.
NOTIC: [8] Undefined index: null D:\1\v1073125\wwwroot\ThinkPHP\Library\Think\Db\Driver\Sqlite.class.php 第 45 行.
NOTIC: [8] Undefined index: default D:\1\v1073125\wwwroot\ThinkPHP\Library\Think\Db\Driver\Sqlite.class.php 第 46 行.
NOTIC: [8] Undefined index: dey D:\1\v1073125\wwwroot\ThinkPHP\Library\Think\Db\Driver\Sqlite.class.php 第 47 行.
NOTIC: [8] Undefined index: extra D:\1\v1073125\wwwroot\ThinkPHP\Library\Think\Db\Driver\Sqlite.class.php 第 48 行.
NOTIC: [8] Undefined index: null D:\1\v1073125\wwwroot\ThinkPHP\Library\Think\Db\Driver\Sqlite.class.php 第 45 行.
NOTIC: [8] Undefined index: default D:\1\v1073125\wwwroot\ThinkPHP\Library\Think\Db\Driver\Sqlite.class.php 第 46 行.
NOTIC: [8] Undefined index: dey D:\1\v1073125\wwwroot\ThinkPHP\Library\Think\Db\Driver\Sqlite.class.php 第 47 行.
NOTIC: [8] Undefined index: extra D:\1\v1073125\wwwroot\ThinkPHP\Library\Think\Db\Driver\Sqlite.class.php 第 48 行.
NOTIC: [8] Undefined index: null D:\1\v1073125\wwwroot\ThinkPHP\Library\Think\Db\Driver\Sqlite.class.php 第 45 行.
NOTIC: [8] Undefined index: default D:\1\v1073125\wwwroot\ThinkPHP\Library\Think\Db\Driver\Sqlite.class.php 第 46 行.
NOTIC: [8] Undefined index: dey D:\1\v1073125\wwwroot\ThinkPHP\Library\Think\Db\Driver\Sqlite.class.php 第 47 行.
NOTIC: [8] Undefined index: extra D:\1\v1073125\wwwroot\ThinkPHP\Library\Think\Db\Driver\Sqlite.class.php 第 48 行.
NOTIC: [8] Undefined index: null D:\1\v1073125\wwwroot\ThinkPHP\Library\Think\Db\Driver\Sqlite.class.php 第 45 行.
NOTIC: [8] Undefined index: default D:\1\v1073125\wwwroot\ThinkPHP\Library\Think\Db\Driver\Sqlite.class.php 第 46 行.
NOTIC: [8] Undefined index: dey D:\1\v1073125\wwwroot\ThinkPHP\Library\Think\Db\Driver\Sqlite.class.php 第 47 行.
NOTIC: [8] Undefined index: extra D:\1\v1073125\wwwroot\ThinkPHP\Library\Think\Db\Driver\Sqlite.class.php 第 48 行.
SQL: SELECT * FROM db_show WHERE id = 16 LIMIT 1   [ RunTime:0.0000s ]
SQL: PRAGMA table_info( db_showcate ) [ RunTime:0.0000s ]
NOTIC: [8] Undefined index: null D:\1\v1073125\wwwroot\ThinkPHP\Library\Think\Db\Driver\Sqlite.class.php 第 45 行.
NOTIC: [8] Undefined index: default D:\1\v1073125\wwwroot\ThinkPHP\Library\Think\Db\Driver\Sqlite.class.php 第 46 行.
NOTIC: [8] Undefined index: dey D:\1\v1073125\wwwroot\ThinkPHP\Library\Think\Db\Driver\Sqlite.class.php 第 47 行.
NOTIC: [8] Undefined index: extra D:\1\v1073125\wwwroot\ThinkPHP\Library\Think\Db\Driver\Sqlite.class.php 第 48 行.
NOTIC: [8] Undefined index: null D:\1\v1073125\wwwroot\ThinkPHP\Library\Think\Db\Driver\Sqlite.class.php 第 45 行.
NOTIC: [8] Undefined index: default D:\1\v1073125\wwwroot\ThinkPHP\Library\Think\Db\Driver\Sqlite.class.php 第 46 行.
NOTIC: [8] Undefined index: dey D:\1\v1073125\wwwroot\ThinkPHP\Library\Think\Db\Driver\Sqlite.class.php 第 47 行.
NOTIC: [8] Undefined index: extra D:\1\v1073125\wwwroot\ThinkPHP\Library\Think\Db\Driver\Sqlite.class.php 第 48 行.
NOTIC: [8] Undefined index: null D:\1\v1073125\wwwroot\ThinkPHP\Library\Think\Db\Driver\Sqlite.class.php 第 45 行.
NOTIC: [8] Undefined index: default D:\1\v1073125\wwwroot\ThinkPHP\Library\Think\Db\Driver\Sqlite.class.php 第 46 行.
NOTIC: [8] Undefined index: dey D:\1\v1073125\wwwroot\ThinkPHP\Library\Think\Db\Driver\Sqlite.class.php 第 47 行.
NOTIC: [8] Undefined index: extra D:\1\v1073125\wwwroot\ThinkPHP\Library\Think\Db\Driver\Sqlite.class.php 第 48 行.
NOTIC: [8] Undefined index: null D:\1\v1073125\wwwroot\ThinkPHP\Library\Think\Db\Driver\Sqlite.class.php 第 45 行.
NOTIC: [8] Undefined index: default D:\1\v1073125\wwwroot\ThinkPHP\Library\Think\Db\Driver\Sqlite.class.php 第 46 行.
NOTIC: [8] Undefined index: dey D:\1\v1073125\wwwroot\ThinkPHP\Library\Think\Db\Driver\Sqlite.class.php 第 47 行.
NOTIC: [8] Undefined index: extra D:\1\v1073125\wwwroot\ThinkPHP\Library\Think\Db\Driver\Sqlite.class.php 第 48 行.
NOTIC: [8] Undefined index: null D:\1\v1073125\wwwroot\ThinkPHP\Library\Think\Db\Driver\Sqlite.class.php 第 45 行.
NOTIC: [8] Undefined index: default D:\1\v1073125\wwwroot\ThinkPHP\Library\Think\Db\Driver\Sqlite.class.php 第 46 行.
NOTIC: [8] Undefined index: dey D:\1\v1073125\wwwroot\ThinkPHP\Library\Think\Db\Driver\Sqlite.class.php 第 47 行.
NOTIC: [8] Undefined index: extra D:\1\v1073125\wwwroot\ThinkPHP\Library\Think\Db\Driver\Sqlite.class.php 第 48 行.
NOTIC: [8] Undefined index: null D:\1\v1073125\wwwroot\ThinkPHP\Library\Think\Db\Driver\Sqlite.class.php 第 45 行.
NOTIC: [8] Undefined index: default D:\1\v1073125\wwwroot\ThinkPHP\Library\Think\Db\Driver\Sqlite.class.php 第 46 行.
NOTIC: [8] Undefined index: dey D:\1\v1073125\wwwroot\ThinkPHP\Library\Think\Db\Driver\Sqlite.class.php 第 47 行.
NOTIC: [8] Undefined index: extra D:\1\v1073125\wwwroot\ThinkPHP\Library\Think\Db\Driver\Sqlite.class.php 第 48 行.
NOTIC: [8] Undefined index: null D:\1\v1073125\wwwroot\ThinkPHP\Library\Think\Db\Driver\Sqlite.class.php 第 45 行.
NOTIC: [8] Undefined index: default D:\1\v1073125\wwwroot\ThinkPHP\Library\Think\Db\Driver\Sqlite.class.php 第 46 行.
NOTIC: [8] Undefined index: dey D:\1\v1073125\wwwroot\ThinkPHP\Library\Think\Db\Driver\Sqlite.class.php 第 47 行.
NOTIC: [8] Undefined index: extra D:\1\v1073125\wwwroot\ThinkPHP\Library\Think\Db\Driver\Sqlite.class.php 第 48 行.
SQL: SELECT * FROM db_showcate  [ RunTime:0.0000s ]
INFO: [ view_parse ] --START--
INFO: [ template_filter ] --START--
INFO: Run Behavior\ContentReplaceBehavior [ RunTime:0.000000s ]
INFO: [ template_filter ] --END-- [ RunTime:0.000000s ]
INFO: Run Behavior\ParseTemplateBehavior [ RunTime:0.019531s ]
INFO: [ view_parse ] --END-- [ RunTime:0.019531s ]
INFO: [ view_filter ] --START--
INFO: Run Behavior\WriteHtmlCacheBehavior [ RunTime:0.000977s ]
INFO: [ view_filter ] --END-- [ RunTime:0.000977s ]
INFO: [ app_end ] --START--
INFO: Run Behavior\ShowPageTraceBehavior [ RunTime:0.000976s ]
INFO: [ app_end ] --END-- [ RunTime:0.000976s ]

